23:35:41: [INFO] [C:\Users\12897\autonomy-bootcamp-2025-p2\modules\heartbeat\heartbeat_receiver_worker.py | heartbeat_receiver_worker | 48] Logger initialized
23:35:41: [DEBUG] [C:\Users\12897\autonomy-bootcamp-2025-p2\modules\heartbeat\heartbeat_receiver.py | run | 59] Recieved heartbeat
23:35:41: [INFO] Connected
23:35:41: [DEBUG] [C:\Users\12897\autonomy-bootcamp-2025-p2\modules\heartbeat\heartbeat_receiver.py | run | 59] Recieved heartbeat
23:35:41: [INFO] Connected
23:35:42: [DEBUG] [C:\Users\12897\autonomy-bootcamp-2025-p2\modules\heartbeat\heartbeat_receiver.py | run | 59] Recieved heartbeat
23:35:43: [INFO] Connected
23:35:44: [ERROR] [C:\Users\12897\autonomy-bootcamp-2025-p2\modules\heartbeat\heartbeat_receiver.py | run | 65] Did not recieve message
23:35:44: [INFO] Connected
23:35:44: [DEBUG] [C:\Users\12897\autonomy-bootcamp-2025-p2\modules\heartbeat\heartbeat_receiver.py | run | 59] Recieved heartbeat
23:35:44: [INFO] Connected
23:35:45: [ERROR] [C:\Users\12897\autonomy-bootcamp-2025-p2\modules\heartbeat\heartbeat_receiver.py | run | 65] Did not recieve message
23:35:45: [INFO] Connected
23:35:45: [DEBUG] [C:\Users\12897\autonomy-bootcamp-2025-p2\modules\heartbeat\heartbeat_receiver.py | run | 59] Recieved heartbeat
23:35:45: [INFO] Connected
23:35:46: [ERROR] [C:\Users\12897\autonomy-bootcamp-2025-p2\modules\heartbeat\heartbeat_receiver.py | run | 65] Did not recieve message
23:35:46: [INFO] Connected
23:35:47: [ERROR] [C:\Users\12897\autonomy-bootcamp-2025-p2\modules\heartbeat\heartbeat_receiver.py | run | 65] Did not recieve message
23:35:47: [INFO] Connected
23:35:48: [ERROR] [C:\Users\12897\autonomy-bootcamp-2025-p2\modules\heartbeat\heartbeat_receiver.py | run | 65] Did not recieve message
23:35:48: [INFO] Connected
23:35:49: [ERROR] [C:\Users\12897\autonomy-bootcamp-2025-p2\modules\heartbeat\heartbeat_receiver.py | run | 65] Did not recieve message
23:35:49: [INFO] Connected
23:35:50: [ERROR] [C:\Users\12897\autonomy-bootcamp-2025-p2\modules\heartbeat\heartbeat_receiver.py | run | 65] Did not recieve message
23:35:50: [INFO] Disconnected
23:35:51: [ERROR] [C:\Users\12897\autonomy-bootcamp-2025-p2\modules\heartbeat\heartbeat_receiver.py | run | 65] Did not recieve message
23:35:51: [INFO] Disconnected
23:35:52: [ERROR] [C:\Users\12897\autonomy-bootcamp-2025-p2\modules\heartbeat\heartbeat_receiver.py | run | 65] Did not recieve message
23:35:52: [INFO] Disconnected
23:35:53: [ERROR] [C:\Users\12897\autonomy-bootcamp-2025-p2\modules\heartbeat\heartbeat_receiver.py | run | 65] Did not recieve message
23:35:53: [INFO] Disconnected
23:35:54: [DEBUG] [C:\Users\12897\autonomy-bootcamp-2025-p2\modules\heartbeat\heartbeat_receiver.py | run | 59] Recieved heartbeat
23:35:54: [INFO] Connected
23:35:55: [DEBUG] [C:\Users\12897\autonomy-bootcamp-2025-p2\modules\heartbeat\heartbeat_receiver.py | run | 59] Recieved heartbeat
23:35:55: [INFO] Connected
23:35:56: [DEBUG] [C:\Users\12897\autonomy-bootcamp-2025-p2\modules\heartbeat\heartbeat_receiver.py | run | 59] Recieved heartbeat
23:35:56: [INFO] Connected
23:35:57: [DEBUG] [C:\Users\12897\autonomy-bootcamp-2025-p2\modules\heartbeat\heartbeat_receiver.py | run | 59] Recieved heartbeat
23:35:57: [INFO] Connected
23:35:58: [ERROR] [C:\Users\12897\autonomy-bootcamp-2025-p2\modules\heartbeat\heartbeat_receiver.py | run | 65] Did not recieve message
23:35:58: [INFO] Connected
23:35:58: [DEBUG] [C:\Users\12897\autonomy-bootcamp-2025-p2\modules\heartbeat\heartbeat_receiver.py | run | 59] Recieved heartbeat
23:35:58: [INFO] Connected
23:35:59: [ERROR] [C:\Users\12897\autonomy-bootcamp-2025-p2\modules\heartbeat\heartbeat_receiver.py | run | 65] Did not recieve message
23:35:59: [INFO] Connected
23:36:00: [DEBUG] [C:\Users\12897\autonomy-bootcamp-2025-p2\modules\heartbeat\heartbeat_receiver.py | run | 59] Recieved heartbeat
23:36:00: [INFO] Connected
23:36:01: [ERROR] [C:\Users\12897\autonomy-bootcamp-2025-p2\modules\heartbeat\heartbeat_receiver.py | run | 65] Did not recieve message
23:36:01: [INFO] Connected
23:36:02: [ERROR] [C:\Users\12897\autonomy-bootcamp-2025-p2\modules\heartbeat\heartbeat_receiver.py | run | 65] Did not recieve message
23:36:02: [INFO] Connected
