19:08:18: [INFO] [C:\Users\12897\autonomy-bootcamp-2025-p2\modules\common\modules\logger\logger_main_setup.py | setup_main_logger | 62] main logger initialized
19:08:19: [INFO] [C:\Users\12897\autonomy-bootcamp-2025-p2\tests\integration\test_command.py | main | 133] Connected!
19:08:19: [INFO] [C:\Users\12897\autonomy-bootcamp-2025-p2\tests\integration\test_command.py | read_queue | 76] CHANGE ALTITUDE: 1
CHANGE YAW: 63.434948822922024
19:08:20: [INFO] [C:\Users\12897\autonomy-bootcamp-2025-p2\tests\integration\test_command.py | read_queue | 76] CHANGE ALTITUDE: -1
CHANGE YAW: 63.434948822922024
19:08:20: [INFO] [C:\Users\12897\autonomy-bootcamp-2025-p2\tests\integration\test_command.py | read_queue | 76] Drone has not been changed
19:08:21: [INFO] [C:\Users\12897\autonomy-bootcamp-2025-p2\tests\integration\test_command.py | read_queue | 76] Drone has not been changed
19:08:21: [INFO] [C:\Users\12897\autonomy-bootcamp-2025-p2\tests\integration\test_command.py | read_queue | 76] Drone has not been changed
19:08:22: [INFO] [C:\Users\12897\autonomy-bootcamp-2025-p2\tests\integration\test_command.py | read_queue | 76] Drone has not been changed
19:08:22: [INFO] [C:\Users\12897\autonomy-bootcamp-2025-p2\tests\integration\test_command.py | read_queue | 76] Drone has not been changed
19:08:23: [INFO] [C:\Users\12897\autonomy-bootcamp-2025-p2\tests\integration\test_command.py | read_queue | 76] CHANGE YAW: 63.434948822922024
19:08:23: [INFO] [C:\Users\12897\autonomy-bootcamp-2025-p2\tests\integration\test_command.py | read_queue | 76] CHANGE YAW: 90.0
19:08:24: [INFO] [C:\Users\12897\autonomy-bootcamp-2025-p2\tests\integration\test_command.py | read_queue | 76] CHANGE YAW: 116.56505117707798
19:08:24: [INFO] [C:\Users\12897\autonomy-bootcamp-2025-p2\tests\integration\test_command.py | read_queue | 76] CHANGE YAW: 45.0
19:08:25: [INFO] [C:\Users\12897\autonomy-bootcamp-2025-p2\tests\integration\test_command.py | read_queue | 76] CHANGE YAW: 63.434948822921996
19:08:25: [INFO] [C:\Users\12897\autonomy-bootcamp-2025-p2\tests\integration\test_command.py | read_queue | 76] CHANGE YAW: 90.0
19:08:26: [INFO] [C:\Users\12897\autonomy-bootcamp-2025-p2\tests\integration\test_command.py | read_queue | 76] CHANGE YAW: 26.565051177077976
19:08:26: [INFO] [C:\Users\12897\autonomy-bootcamp-2025-p2\tests\integration\test_command.py | read_queue | 76] CHANGE YAW: 45.0
19:08:27: [INFO] [C:\Users\12897\autonomy-bootcamp-2025-p2\tests\integration\test_command.py | read_queue | 76] CHANGE YAW: 90.0
19:08:27: [INFO] [C:\Users\12897\autonomy-bootcamp-2025-p2\tests\integration\test_command.py | read_queue | 76] CHANGE YAW: 45.0
19:08:28: [INFO] [C:\Users\12897\autonomy-bootcamp-2025-p2\tests\integration\test_command.py | read_queue | 76] CHANGE YAW: 90.0
19:08:28: [INFO] [C:\Users\12897\autonomy-bootcamp-2025-p2\tests\integration\test_command.py | read_queue | 76] CHANGE YAW: 135.0
19:08:29: [INFO] [C:\Users\12897\autonomy-bootcamp-2025-p2\tests\integration\test_command.py | read_queue | 76] CHANGE YAW: -26.565051177077976
19:08:29: [INFO] [C:\Users\12897\autonomy-bootcamp-2025-p2\tests\integration\test_command.py | read_queue | 76] CHANGE YAW: -45.0
19:08:30: [INFO] [C:\Users\12897\autonomy-bootcamp-2025-p2\tests\integration\test_command.py | read_queue | 76] CHANGE YAW: -90.0
19:08:30: [INFO] [C:\Users\12897\autonomy-bootcamp-2025-p2\tests\integration\test_command.py | read_queue | 76] CHANGE YAW: -45.0
19:08:31: [INFO] [C:\Users\12897\autonomy-bootcamp-2025-p2\tests\integration\test_command.py | read_queue | 76] CHANGE YAW: -90.0
19:08:31: [INFO] [C:\Users\12897\autonomy-bootcamp-2025-p2\tests\integration\test_command.py | read_queue | 76] CHANGE YAW: -135.0
19:08:32: [INFO] [C:\Users\12897\autonomy-bootcamp-2025-p2\tests\integration\test_command.py | read_queue | 76] CHANGE YAW: -63.434948822921996
19:08:32: [INFO] [C:\Users\12897\autonomy-bootcamp-2025-p2\tests\integration\test_command.py | read_queue | 76] CHANGE YAW: -90.0
19:08:33: [INFO] [C:\Users\12897\autonomy-bootcamp-2025-p2\tests\integration\test_command.py | read_queue | 76] CHANGE YAW: -116.56505117707798
19:08:33: [INFO] [C:\Users\12897\autonomy-bootcamp-2025-p2\tests\integration\test_command.py | read_queue | 76] CHANGE YAW: -45.0
19:08:34: [INFO] [C:\Users\12897\autonomy-bootcamp-2025-p2\tests\integration\test_command.py | read_queue | 76] CHANGE YAW: -63.43494882292201
19:08:34: [INFO] [C:\Users\12897\autonomy-bootcamp-2025-p2\tests\integration\test_command.py | read_queue | 76] CHANGE YAW: -90.0
19:08:35: [INFO] [C:\Users\12897\autonomy-bootcamp-2025-p2\tests\integration\test_command.py | read_queue | 76] CHANGE ALTITUDE: 1
CHANGE YAW: 63.434948822922024
19:08:35: [INFO] [C:\Users\12897\autonomy-bootcamp-2025-p2\tests\integration\test_command.py | read_queue | 76] CHANGE ALTITUDE: -1
CHANGE YAW: 63.434948822922024
