19:00:45: [INFO] [C:\Users\12897\autonomy-bootcamp-2025-p2\modules\command\command_worker.py | command_worker | 51] Logger initialized
19:00:45: [INFO] Average X velocity: 0.0
19:00:45: [INFO] Average Y velocity: 0.0
19:00:45: [INFO] Average Z velocity: 4.0
19:00:45: [INFO] [C:\Users\12897\autonomy-bootcamp-2025-p2\modules\command\command.py | run | 122] CHANGE ALTITUDE: 1
19:00:45: [INFO] [C:\Users\12897\autonomy-bootcamp-2025-p2\modules\command\command.py | run | 142] CHANGE YAW: 63.434948822922024
19:00:45: [INFO] Average X velocity: 0.0
19:00:45: [INFO] Average Y velocity: 0.0
19:00:45: [INFO] Average Z velocity: 1.0
19:00:45: [INFO] [C:\Users\12897\autonomy-bootcamp-2025-p2\modules\command\command.py | run | 122] CHANGE ALTITUDE: -1
19:00:45: [INFO] [C:\Users\12897\autonomy-bootcamp-2025-p2\modules\command\command.py | run | 142] CHANGE YAW: 63.434948822922024
19:00:46: [INFO] Average X velocity: 0.0
19:00:46: [INFO] Average Y velocity: 0.0
19:00:46: [INFO] Average Z velocity: 0.6666666666666666
19:00:46: [INFO] Average X velocity: 0.0
19:00:46: [INFO] Average Y velocity: 0.0
19:00:46: [INFO] Average Z velocity: 0.5
19:00:47: [INFO] Average X velocity: 0.0
19:00:47: [INFO] Average Y velocity: 0.0
19:00:47: [INFO] Average Z velocity: 0.4
19:00:47: [INFO] Average X velocity: 0.0
19:00:47: [INFO] Average Y velocity: 0.0
19:00:47: [INFO] Average Z velocity: 0.3333333333333333
19:00:48: [INFO] Average X velocity: 0.0
19:00:48: [INFO] Average Y velocity: 0.0
19:00:48: [INFO] Average Z velocity: 0.2857142857142857
19:00:48: [INFO] Average X velocity: 0.0
19:00:48: [INFO] Average Y velocity: 2.5
19:00:48: [INFO] Average Z velocity: 0.25
19:00:48: [INFO] [C:\Users\12897\autonomy-bootcamp-2025-p2\modules\command\command.py | run | 142] CHANGE YAW: 63.434948822922024
19:00:49: [INFO] Average X velocity: 0.0
19:00:49: [INFO] Average Y velocity: 4.444444444444445
19:00:49: [INFO] Average Z velocity: 0.2222222222222222
19:00:49: [INFO] [C:\Users\12897\autonomy-bootcamp-2025-p2\modules\command\command.py | run | 142] CHANGE YAW: 90.0
19:00:49: [INFO] Average X velocity: 0.0
19:00:49: [INFO] Average Y velocity: 6.0
19:00:49: [INFO] Average Z velocity: 0.2
19:00:49: [INFO] [C:\Users\12897\autonomy-bootcamp-2025-p2\modules\command\command.py | run | 142] CHANGE YAW: 116.56505117707798
19:00:50: [INFO] Average X velocity: 1.8181818181818181
19:00:50: [INFO] Average Y velocity: 5.454545454545454
19:00:50: [INFO] Average Z velocity: 0.18181818181818182
19:00:50: [INFO] [C:\Users\12897\autonomy-bootcamp-2025-p2\modules\command\command.py | run | 142] CHANGE YAW: 45.0
19:00:50: [INFO] Average X velocity: 3.3333333333333335
19:00:50: [INFO] Average Y velocity: 5.0
19:00:50: [INFO] Average Z velocity: 0.16666666666666666
19:00:50: [INFO] [C:\Users\12897\autonomy-bootcamp-2025-p2\modules\command\command.py | run | 142] CHANGE YAW: 63.434948822921996
19:00:51: [INFO] Average X velocity: 4.615384615384615
19:00:51: [INFO] Average Y velocity: 4.615384615384615
19:00:51: [INFO] Average Z velocity: 0.15384615384615385
19:00:51: [INFO] [C:\Users\12897\autonomy-bootcamp-2025-p2\modules\command\command.py | run | 142] CHANGE YAW: 90.0
19:00:51: [INFO] Average X velocity: 4.285714285714286
19:00:51: [INFO] Average Y velocity: 2.857142857142857
19:00:51: [INFO] Average Z velocity: 0.14285714285714285
19:00:51: [INFO] [C:\Users\12897\autonomy-bootcamp-2025-p2\modules\command\command.py | run | 142] CHANGE YAW: 26.565051177077976
19:00:52: [INFO] Average X velocity: 4.0
19:00:52: [INFO] Average Y velocity: 1.3333333333333333
19:00:52: [INFO] Average Z velocity: 0.13333333333333333
19:00:52: [INFO] [C:\Users\12897\autonomy-bootcamp-2025-p2\modules\command\command.py | run | 142] CHANGE YAW: 45.0
19:00:52: [INFO] Average X velocity: 3.75
19:00:52: [INFO] Average Y velocity: 0.0
19:00:52: [INFO] Average Z velocity: 0.125
19:00:52: [INFO] [C:\Users\12897\autonomy-bootcamp-2025-p2\modules\command\command.py | run | 142] CHANGE YAW: 90.0
19:00:53: [INFO] Average X velocity: 2.3529411764705883
19:00:53: [INFO] Average Y velocity: 0.0
19:00:53: [INFO] Average Z velocity: 0.11764705882352941
19:00:53: [INFO] [C:\Users\12897\autonomy-bootcamp-2025-p2\modules\command\command.py | run | 142] CHANGE YAW: 45.0
19:00:53: [INFO] Average X velocity: 1.1111111111111112
19:00:53: [INFO] Average Y velocity: 0.0
19:00:53: [INFO] Average Z velocity: 0.1111111111111111
19:00:53: [INFO] [C:\Users\12897\autonomy-bootcamp-2025-p2\modules\command\command.py | run | 142] CHANGE YAW: 90.0
19:00:54: [INFO] Average X velocity: 0.0
19:00:54: [INFO] Average Y velocity: 0.0
19:00:54: [INFO] Average Z velocity: 0.10526315789473684
19:00:54: [INFO] [C:\Users\12897\autonomy-bootcamp-2025-p2\modules\command\command.py | run | 142] CHANGE YAW: 135.0
19:00:54: [INFO] Average X velocity: 0.0
19:00:54: [INFO] Average Y velocity: 1.0
19:00:54: [INFO] Average Z velocity: 0.1
19:00:54: [INFO] [C:\Users\12897\autonomy-bootcamp-2025-p2\modules\command\command.py | run | 142] CHANGE YAW: -26.565051177077976
19:00:55: [INFO] Average X velocity: 0.0
19:00:55: [INFO] Average Y velocity: 1.9047619047619047
19:00:55: [INFO] Average Z velocity: 0.09523809523809523
19:00:55: [INFO] [C:\Users\12897\autonomy-bootcamp-2025-p2\modules\command\command.py | run | 142] CHANGE YAW: -45.0
19:00:55: [INFO] Average X velocity: 0.0
19:00:55: [INFO] Average Y velocity: 2.727272727272727
19:00:55: [INFO] Average Z velocity: 0.09090909090909091
19:00:55: [INFO] [C:\Users\12897\autonomy-bootcamp-2025-p2\modules\command\command.py | run | 142] CHANGE YAW: -90.0
19:00:56: [INFO] Average X velocity: 0.8695652173913043
19:00:56: [INFO] Average Y velocity: 2.608695652173913
19:00:56: [INFO] Average Z velocity: 0.08695652173913043
19:00:56: [INFO] [C:\Users\12897\autonomy-bootcamp-2025-p2\modules\command\command.py | run | 142] CHANGE YAW: -45.0
19:00:56: [INFO] Average X velocity: 1.6666666666666667
19:00:56: [INFO] Average Y velocity: 2.5
19:00:56: [INFO] Average Z velocity: 0.08333333333333333
19:00:56: [INFO] [C:\Users\12897\autonomy-bootcamp-2025-p2\modules\command\command.py | run | 142] CHANGE YAW: -90.0
19:00:57: [INFO] Average X velocity: 2.4
19:00:57: [INFO] Average Y velocity: 2.4
19:00:57: [INFO] Average Z velocity: 0.08
19:00:57: [INFO] [C:\Users\12897\autonomy-bootcamp-2025-p2\modules\command\command.py | run | 142] CHANGE YAW: -135.0
19:00:57: [INFO] Average X velocity: 2.3076923076923075
19:00:57: [INFO] Average Y velocity: 1.5384615384615385
19:00:57: [INFO] Average Z velocity: 0.07692307692307693
19:00:57: [INFO] [C:\Users\12897\autonomy-bootcamp-2025-p2\modules\command\command.py | run | 142] CHANGE YAW: -63.434948822921996
19:00:58: [INFO] Average X velocity: 2.2222222222222223
19:00:58: [INFO] Average Y velocity: 0.7407407407407407
19:00:58: [INFO] Average Z velocity: 0.07407407407407407
19:00:58: [INFO] [C:\Users\12897\autonomy-bootcamp-2025-p2\modules\command\command.py | run | 142] CHANGE YAW: -90.0
19:00:58: [INFO] Average X velocity: 2.142857142857143
19:00:58: [INFO] Average Y velocity: 0.0
19:00:58: [INFO] Average Z velocity: 0.07142857142857142
19:00:58: [INFO] [C:\Users\12897\autonomy-bootcamp-2025-p2\modules\command\command.py | run | 142] CHANGE YAW: -116.56505117707798
19:00:59: [INFO] Average X velocity: 1.3793103448275863
19:00:59: [INFO] Average Y velocity: 0.0
19:00:59: [INFO] Average Z velocity: 0.06896551724137931
19:00:59: [INFO] [C:\Users\12897\autonomy-bootcamp-2025-p2\modules\command\command.py | run | 142] CHANGE YAW: -45.0
19:00:59: [INFO] Average X velocity: 0.6666666666666666
19:00:59: [INFO] Average Y velocity: 0.0
19:00:59: [INFO] Average Z velocity: 0.06666666666666667
19:00:59: [INFO] [C:\Users\12897\autonomy-bootcamp-2025-p2\modules\command\command.py | run | 142] CHANGE YAW: -63.43494882292201
19:01:00: [INFO] Average X velocity: 0.0
19:01:00: [INFO] Average Y velocity: 0.0
19:01:00: [INFO] Average Z velocity: 0.06451612903225806
19:01:00: [INFO] [C:\Users\12897\autonomy-bootcamp-2025-p2\modules\command\command.py | run | 142] CHANGE YAW: -90.0
19:01:00: [INFO] Average X velocity: 0.0
19:01:00: [INFO] Average Y velocity: 0.0
19:01:00: [INFO] Average Z velocity: 0.1875
19:01:00: [INFO] [C:\Users\12897\autonomy-bootcamp-2025-p2\modules\command\command.py | run | 122] CHANGE ALTITUDE: 1
19:01:00: [INFO] [C:\Users\12897\autonomy-bootcamp-2025-p2\modules\command\command.py | run | 142] CHANGE YAW: 63.434948822922024
19:01:01: [INFO] Average X velocity: 0.0
19:01:01: [INFO] Average Y velocity: 0.0
19:01:01: [INFO] Average Z velocity: 0.12121212121212122
19:01:01: [INFO] [C:\Users\12897\autonomy-bootcamp-2025-p2\modules\command\command.py | run | 122] CHANGE ALTITUDE: -1
19:01:01: [INFO] [C:\Users\12897\autonomy-bootcamp-2025-p2\modules\command\command.py | run | 142] CHANGE YAW: 63.434948822922024
