19:00:43: [INFO] [C:\Users\12897\autonomy-bootcamp-2025-p2\modules\common\modules\logger\logger_main_setup.py | setup_main_logger | 62] main logger initialized
19:00:44: [INFO] [C:\Users\12897\autonomy-bootcamp-2025-p2\tests\integration\test_command.py | main | 133] Connected!
19:00:45: [INFO] [C:\Users\12897\autonomy-bootcamp-2025-p2\tests\integration\test_command.py | read_queue | 76] CHANGE ALTITUDE: 1
CHANGE YAW: 63.434948822922024
19:00:45: [INFO] [C:\Users\12897\autonomy-bootcamp-2025-p2\tests\integration\test_command.py | read_queue | 76] CHANGE ALTITUDE: -1
CHANGE YAW: 63.434948822922024
19:00:46: [INFO] [C:\Users\12897\autonomy-bootcamp-2025-p2\tests\integration\test_command.py | read_queue | 76] Drone has not been changed
19:00:46: [INFO] [C:\Users\12897\autonomy-bootcamp-2025-p2\tests\integration\test_command.py | read_queue | 76] Drone has not been changed
19:00:47: [INFO] [C:\Users\12897\autonomy-bootcamp-2025-p2\tests\integration\test_command.py | read_queue | 76] Drone has not been changed
19:00:47: [INFO] [C:\Users\12897\autonomy-bootcamp-2025-p2\tests\integration\test_command.py | read_queue | 76] Drone has not been changed
19:00:48: [INFO] [C:\Users\12897\autonomy-bootcamp-2025-p2\tests\integration\test_command.py | read_queue | 76] Drone has not been changed
19:00:48: [INFO] [C:\Users\12897\autonomy-bootcamp-2025-p2\tests\integration\test_command.py | read_queue | 76] CHANGE YAW: 63.434948822922024
19:00:49: [INFO] [C:\Users\12897\autonomy-bootcamp-2025-p2\tests\integration\test_command.py | read_queue | 76] CHANGE YAW: 90.0
19:00:49: [INFO] [C:\Users\12897\autonomy-bootcamp-2025-p2\tests\integration\test_command.py | read_queue | 76] CHANGE YAW: 116.56505117707798
19:00:50: [INFO] [C:\Users\12897\autonomy-bootcamp-2025-p2\tests\integration\test_command.py | read_queue | 76] CHANGE YAW: 45.0
19:00:50: [INFO] [C:\Users\12897\autonomy-bootcamp-2025-p2\tests\integration\test_command.py | read_queue | 76] CHANGE YAW: 63.434948822921996
19:00:51: [INFO] [C:\Users\12897\autonomy-bootcamp-2025-p2\tests\integration\test_command.py | read_queue | 76] CHANGE YAW: 90.0
19:00:51: [INFO] [C:\Users\12897\autonomy-bootcamp-2025-p2\tests\integration\test_command.py | read_queue | 76] CHANGE YAW: 26.565051177077976
19:00:52: [INFO] [C:\Users\12897\autonomy-bootcamp-2025-p2\tests\integration\test_command.py | read_queue | 76] CHANGE YAW: 45.0
19:00:52: [INFO] [C:\Users\12897\autonomy-bootcamp-2025-p2\tests\integration\test_command.py | read_queue | 76] CHANGE YAW: 90.0
19:00:53: [INFO] [C:\Users\12897\autonomy-bootcamp-2025-p2\tests\integration\test_command.py | read_queue | 76] CHANGE YAW: 45.0
19:00:53: [INFO] [C:\Users\12897\autonomy-bootcamp-2025-p2\tests\integration\test_command.py | read_queue | 76] CHANGE YAW: 90.0
19:00:54: [INFO] [C:\Users\12897\autonomy-bootcamp-2025-p2\tests\integration\test_command.py | read_queue | 76] CHANGE YAW: 135.0
19:00:54: [INFO] [C:\Users\12897\autonomy-bootcamp-2025-p2\tests\integration\test_command.py | read_queue | 76] CHANGE YAW: -26.565051177077976
19:00:55: [INFO] [C:\Users\12897\autonomy-bootcamp-2025-p2\tests\integration\test_command.py | read_queue | 76] CHANGE YAW: -45.0
19:00:55: [INFO] [C:\Users\12897\autonomy-bootcamp-2025-p2\tests\integration\test_command.py | read_queue | 76] CHANGE YAW: -90.0
19:00:56: [INFO] [C:\Users\12897\autonomy-bootcamp-2025-p2\tests\integration\test_command.py | read_queue | 76] CHANGE YAW: -45.0
19:00:56: [INFO] [C:\Users\12897\autonomy-bootcamp-2025-p2\tests\integration\test_command.py | read_queue | 76] CHANGE YAW: -90.0
19:00:57: [INFO] [C:\Users\12897\autonomy-bootcamp-2025-p2\tests\integration\test_command.py | read_queue | 76] CHANGE YAW: -135.0
19:00:57: [INFO] [C:\Users\12897\autonomy-bootcamp-2025-p2\tests\integration\test_command.py | read_queue | 76] CHANGE YAW: -63.434948822921996
19:00:58: [INFO] [C:\Users\12897\autonomy-bootcamp-2025-p2\tests\integration\test_command.py | read_queue | 76] CHANGE YAW: -90.0
19:00:58: [INFO] [C:\Users\12897\autonomy-bootcamp-2025-p2\tests\integration\test_command.py | read_queue | 76] CHANGE YAW: -116.56505117707798
19:00:59: [INFO] [C:\Users\12897\autonomy-bootcamp-2025-p2\tests\integration\test_command.py | read_queue | 76] CHANGE YAW: -45.0
19:00:59: [INFO] [C:\Users\12897\autonomy-bootcamp-2025-p2\tests\integration\test_command.py | read_queue | 76] CHANGE YAW: -63.43494882292201
19:01:00: [INFO] [C:\Users\12897\autonomy-bootcamp-2025-p2\tests\integration\test_command.py | read_queue | 76] CHANGE YAW: -90.0
19:01:00: [INFO] [C:\Users\12897\autonomy-bootcamp-2025-p2\tests\integration\test_command.py | read_queue | 76] CHANGE ALTITUDE: 1
CHANGE YAW: 63.434948822922024
19:01:01: [INFO] [C:\Users\12897\autonomy-bootcamp-2025-p2\tests\integration\test_command.py | read_queue | 76] CHANGE ALTITUDE: -1
CHANGE YAW: 63.434948822922024
