23:51:43: [INFO] [C:\Users\12897\autonomy-bootcamp-2025-p2\modules\heartbeat\heartbeat_receiver_worker.py | heartbeat_receiver_worker | 48] Logger initialized
23:51:43: [DEBUG] [C:\Users\12897\autonomy-bootcamp-2025-p2\modules\heartbeat\heartbeat_receiver.py | run | 59] Recieved heartbeat
23:51:43: [INFO] Connected
23:51:44: [DEBUG] [C:\Users\12897\autonomy-bootcamp-2025-p2\modules\heartbeat\heartbeat_receiver.py | run | 59] Recieved heartbeat
23:51:44: [INFO] Connected
23:51:45: [ERROR] [C:\Users\12897\autonomy-bootcamp-2025-p2\modules\heartbeat\heartbeat_receiver.py | run | 65] Did not recieve message
23:51:45: [INFO] Connected
23:51:45: [DEBUG] [C:\Users\12897\autonomy-bootcamp-2025-p2\modules\heartbeat\heartbeat_receiver.py | run | 59] Recieved heartbeat
23:51:45: [INFO] Connected
23:51:46: [DEBUG] [C:\Users\12897\autonomy-bootcamp-2025-p2\modules\heartbeat\heartbeat_receiver.py | run | 59] Recieved heartbeat
23:51:46: [INFO] Connected
23:51:47: [ERROR] [C:\Users\12897\autonomy-bootcamp-2025-p2\modules\heartbeat\heartbeat_receiver.py | run | 65] Did not recieve message
23:51:47: [INFO] Connected
23:51:47: [DEBUG] [C:\Users\12897\autonomy-bootcamp-2025-p2\modules\heartbeat\heartbeat_receiver.py | run | 59] Recieved heartbeat
23:51:47: [INFO] Connected
23:51:48: [ERROR] [C:\Users\12897\autonomy-bootcamp-2025-p2\modules\heartbeat\heartbeat_receiver.py | run | 65] Did not recieve message
23:51:48: [INFO] Connected
23:51:49: [ERROR] [C:\Users\12897\autonomy-bootcamp-2025-p2\modules\heartbeat\heartbeat_receiver.py | run | 65] Did not recieve message
23:51:49: [INFO] Connected
23:51:50: [ERROR] [C:\Users\12897\autonomy-bootcamp-2025-p2\modules\heartbeat\heartbeat_receiver.py | run | 65] Did not recieve message
23:51:50: [INFO] Connected
23:51:51: [ERROR] [C:\Users\12897\autonomy-bootcamp-2025-p2\modules\heartbeat\heartbeat_receiver.py | run | 65] Did not recieve message
23:51:51: [INFO] Connected
23:51:52: [ERROR] [C:\Users\12897\autonomy-bootcamp-2025-p2\modules\heartbeat\heartbeat_receiver.py | run | 65] Did not recieve message
23:51:52: [INFO] Disconnected
23:51:53: [ERROR] [C:\Users\12897\autonomy-bootcamp-2025-p2\modules\heartbeat\heartbeat_receiver.py | run | 65] Did not recieve message
23:51:53: [INFO] Disconnected
23:51:54: [ERROR] [C:\Users\12897\autonomy-bootcamp-2025-p2\modules\heartbeat\heartbeat_receiver.py | run | 65] Did not recieve message
23:51:54: [INFO] Disconnected
23:51:55: [ERROR] [C:\Users\12897\autonomy-bootcamp-2025-p2\modules\heartbeat\heartbeat_receiver.py | run | 65] Did not recieve message
23:51:55: [INFO] Disconnected
23:51:56: [DEBUG] [C:\Users\12897\autonomy-bootcamp-2025-p2\modules\heartbeat\heartbeat_receiver.py | run | 59] Recieved heartbeat
23:51:56: [INFO] Connected
23:51:57: [ERROR] [C:\Users\12897\autonomy-bootcamp-2025-p2\modules\heartbeat\heartbeat_receiver.py | run | 65] Did not recieve message
23:51:57: [INFO] Connected
23:51:57: [DEBUG] [C:\Users\12897\autonomy-bootcamp-2025-p2\modules\heartbeat\heartbeat_receiver.py | run | 59] Recieved heartbeat
23:51:57: [INFO] Connected
23:51:58: [DEBUG] [C:\Users\12897\autonomy-bootcamp-2025-p2\modules\heartbeat\heartbeat_receiver.py | run | 59] Recieved heartbeat
23:51:58: [INFO] Connected
23:51:59: [ERROR] [C:\Users\12897\autonomy-bootcamp-2025-p2\modules\heartbeat\heartbeat_receiver.py | run | 65] Did not recieve message
23:51:59: [INFO] Connected
23:51:59: [DEBUG] [C:\Users\12897\autonomy-bootcamp-2025-p2\modules\heartbeat\heartbeat_receiver.py | run | 59] Recieved heartbeat
23:51:59: [INFO] Connected
23:52:00: [ERROR] [C:\Users\12897\autonomy-bootcamp-2025-p2\modules\heartbeat\heartbeat_receiver.py | run | 65] Did not recieve message
23:52:00: [INFO] Connected
23:52:00: [DEBUG] [C:\Users\12897\autonomy-bootcamp-2025-p2\modules\heartbeat\heartbeat_receiver.py | run | 59] Recieved heartbeat
23:52:00: [INFO] Connected
23:52:01: [ERROR] [C:\Users\12897\autonomy-bootcamp-2025-p2\modules\heartbeat\heartbeat_receiver.py | run | 65] Did not recieve message
23:52:01: [INFO] Connected
23:52:02: [DEBUG] [C:\Users\12897\autonomy-bootcamp-2025-p2\modules\heartbeat\heartbeat_receiver.py | run | 59] Recieved heartbeat
23:52:02: [INFO] Connected
23:52:03: [ERROR] [C:\Users\12897\autonomy-bootcamp-2025-p2\modules\heartbeat\heartbeat_receiver.py | run | 65] Did not recieve message
23:52:03: [INFO] Connected
