22:41:24: [INFO] [C:\Users\12897\autonomy-bootcamp-2025-p2\modules\command\command_worker.py | command_worker | 48] Logger initialized
22:41:24: [INFO] Average X velocity: 0.0
22:41:24: [INFO] Average Y velocity: 0.0
22:41:24: [INFO] Average Z velocity: 4.0
22:41:24: [INFO] [C:\Users\12897\autonomy-bootcamp-2025-p2\modules\command\command.py | run | 119] CHANGE ALTITUDE: 1
22:41:24: [INFO] [C:\Users\12897\autonomy-bootcamp-2025-p2\modules\command\command.py | run | 152] CHANGE YAW: 63.434948822922024
22:41:24: [INFO] Average X velocity: 0.0
22:41:24: [INFO] Average Y velocity: 0.0
22:41:24: [INFO] Average Z velocity: 1.0
22:41:24: [INFO] [C:\Users\12897\autonomy-bootcamp-2025-p2\modules\command\command.py | run | 119] CHANGE ALTITUDE: -1
22:41:24: [INFO] [C:\Users\12897\autonomy-bootcamp-2025-p2\modules\command\command.py | run | 152] CHANGE YAW: 63.434948822922024
22:41:25: [INFO] Average X velocity: 0.0
22:41:25: [INFO] Average Y velocity: 0.0
22:41:25: [INFO] Average Z velocity: 0.6666666666666666
22:41:25: [INFO] [C:\Users\12897\autonomy-bootcamp-2025-p2\modules\command\command.py | run | 121] NO ALTITUDE Change: <<<0.1999999999999993>>> 
22:41:25: [INFO] Average X velocity: 0.0
22:41:25: [INFO] Average Y velocity: 0.0
22:41:25: [INFO] Average Z velocity: 0.5
22:41:25: [INFO] [C:\Users\12897\autonomy-bootcamp-2025-p2\modules\command\command.py | run | 121] NO ALTITUDE Change: <<<-0.1999999999999993>>> 
22:41:25: [INFO] Average X velocity: 0.0
22:41:25: [INFO] Average Y velocity: 0.0
22:41:25: [INFO] Average Z velocity: 0.4
22:41:25: [INFO] [C:\Users\12897\autonomy-bootcamp-2025-p2\modules\command\command.py | run | 121] NO ALTITUDE Change: <<<0>>> 
22:41:26: [INFO] Average X velocity: 0.0
22:41:26: [INFO] Average Y velocity: 0.0
22:41:26: [INFO] Average Z velocity: 0.3333333333333333
22:41:26: [INFO] [C:\Users\12897\autonomy-bootcamp-2025-p2\modules\command\command.py | run | 121] NO ALTITUDE Change: <<<0>>> 
22:41:26: [INFO] Average X velocity: 0.0
22:41:26: [INFO] Average Y velocity: 0.0
22:41:26: [INFO] Average Z velocity: 0.2857142857142857
22:41:26: [INFO] [C:\Users\12897\autonomy-bootcamp-2025-p2\modules\command\command.py | run | 121] NO ALTITUDE Change: <<<0>>> 
22:41:27: [INFO] Average X velocity: 0.0
22:41:27: [INFO] Average Y velocity: 2.5
22:41:27: [INFO] Average Z velocity: 0.25
22:41:27: [INFO] [C:\Users\12897\autonomy-bootcamp-2025-p2\modules\command\command.py | run | 121] NO ALTITUDE Change: <<<0>>> 
22:41:27: [INFO] [C:\Users\12897\autonomy-bootcamp-2025-p2\modules\command\command.py | run | 152] CHANGE YAW: 63.434948822922024
22:41:28: [INFO] Average X velocity: 0.0
22:41:28: [INFO] Average Y velocity: 4.444444444444445
22:41:28: [INFO] Average Z velocity: 0.2222222222222222
22:41:28: [INFO] [C:\Users\12897\autonomy-bootcamp-2025-p2\modules\command\command.py | run | 121] NO ALTITUDE Change: <<<0>>> 
22:41:28: [INFO] [C:\Users\12897\autonomy-bootcamp-2025-p2\modules\command\command.py | run | 152] CHANGE YAW: 90.0
22:41:28: [INFO] Average X velocity: 0.0
22:41:28: [INFO] Average Y velocity: 6.0
22:41:28: [INFO] Average Z velocity: 0.2
22:41:28: [INFO] [C:\Users\12897\autonomy-bootcamp-2025-p2\modules\command\command.py | run | 121] NO ALTITUDE Change: <<<0>>> 
22:41:28: [INFO] [C:\Users\12897\autonomy-bootcamp-2025-p2\modules\command\command.py | run | 152] CHANGE YAW: 116.56505117707798
22:41:29: [INFO] Average X velocity: 1.8181818181818181
22:41:29: [INFO] Average Y velocity: 5.454545454545454
22:41:29: [INFO] Average Z velocity: 0.18181818181818182
22:41:29: [INFO] [C:\Users\12897\autonomy-bootcamp-2025-p2\modules\command\command.py | run | 121] NO ALTITUDE Change: <<<0>>> 
22:41:29: [INFO] [C:\Users\12897\autonomy-bootcamp-2025-p2\modules\command\command.py | run | 152] CHANGE YAW: 45.0
22:41:29: [INFO] Average X velocity: 3.3333333333333335
22:41:29: [INFO] Average Y velocity: 5.0
22:41:29: [INFO] Average Z velocity: 0.16666666666666666
22:41:29: [INFO] [C:\Users\12897\autonomy-bootcamp-2025-p2\modules\command\command.py | run | 121] NO ALTITUDE Change: <<<0>>> 
22:41:29: [INFO] [C:\Users\12897\autonomy-bootcamp-2025-p2\modules\command\command.py | run | 152] CHANGE YAW: 63.434948822921996
22:41:30: [INFO] Average X velocity: 4.615384615384615
22:41:30: [INFO] Average Y velocity: 4.615384615384615
22:41:30: [INFO] Average Z velocity: 0.15384615384615385
22:41:30: [INFO] [C:\Users\12897\autonomy-bootcamp-2025-p2\modules\command\command.py | run | 121] NO ALTITUDE Change: <<<0>>> 
22:41:30: [INFO] [C:\Users\12897\autonomy-bootcamp-2025-p2\modules\command\command.py | run | 152] CHANGE YAW: 90.0
22:41:30: [INFO] Average X velocity: 4.285714285714286
22:41:30: [INFO] Average Y velocity: 2.857142857142857
22:41:30: [INFO] Average Z velocity: 0.14285714285714285
22:41:30: [INFO] [C:\Users\12897\autonomy-bootcamp-2025-p2\modules\command\command.py | run | 121] NO ALTITUDE Change: <<<0>>> 
22:41:30: [INFO] [C:\Users\12897\autonomy-bootcamp-2025-p2\modules\command\command.py | run | 152] CHANGE YAW: 26.565051177077976
22:41:31: [INFO] Average X velocity: 4.0
22:41:31: [INFO] Average Y velocity: 1.3333333333333333
22:41:31: [INFO] Average Z velocity: 0.13333333333333333
22:41:31: [INFO] [C:\Users\12897\autonomy-bootcamp-2025-p2\modules\command\command.py | run | 121] NO ALTITUDE Change: <<<0>>> 
22:41:31: [INFO] [C:\Users\12897\autonomy-bootcamp-2025-p2\modules\command\command.py | run | 152] CHANGE YAW: 45.0
22:41:31: [INFO] Average X velocity: 3.75
22:41:31: [INFO] Average Y velocity: 0.0
22:41:31: [INFO] Average Z velocity: 0.125
22:41:31: [INFO] [C:\Users\12897\autonomy-bootcamp-2025-p2\modules\command\command.py | run | 121] NO ALTITUDE Change: <<<0>>> 
22:41:31: [INFO] [C:\Users\12897\autonomy-bootcamp-2025-p2\modules\command\command.py | run | 152] CHANGE YAW: 90.0
22:41:32: [INFO] Average X velocity: 2.3529411764705883
22:41:32: [INFO] Average Y velocity: 0.0
22:41:32: [INFO] Average Z velocity: 0.11764705882352941
22:41:32: [INFO] [C:\Users\12897\autonomy-bootcamp-2025-p2\modules\command\command.py | run | 121] NO ALTITUDE Change: <<<0>>> 
22:41:32: [INFO] [C:\Users\12897\autonomy-bootcamp-2025-p2\modules\command\command.py | run | 152] CHANGE YAW: 45.0
22:41:32: [INFO] Average X velocity: 1.1111111111111112
22:41:32: [INFO] Average Y velocity: 0.0
22:41:32: [INFO] Average Z velocity: 0.1111111111111111
22:41:32: [INFO] [C:\Users\12897\autonomy-bootcamp-2025-p2\modules\command\command.py | run | 121] NO ALTITUDE Change: <<<0>>> 
22:41:33: [INFO] [C:\Users\12897\autonomy-bootcamp-2025-p2\modules\command\command.py | run | 152] CHANGE YAW: 90.0
22:41:33: [INFO] Average X velocity: 0.0
22:41:33: [INFO] Average Y velocity: 0.0
22:41:33: [INFO] Average Z velocity: 0.10526315789473684
22:41:33: [INFO] [C:\Users\12897\autonomy-bootcamp-2025-p2\modules\command\command.py | run | 121] NO ALTITUDE Change: <<<0>>> 
22:41:33: [INFO] [C:\Users\12897\autonomy-bootcamp-2025-p2\modules\command\command.py | run | 152] CHANGE YAW: 135.0
22:41:33: [INFO] Average X velocity: 0.0
22:41:34: [INFO] Average Y velocity: 1.0
22:41:34: [INFO] Average Z velocity: 0.1
22:41:34: [INFO] [C:\Users\12897\autonomy-bootcamp-2025-p2\modules\command\command.py | run | 121] NO ALTITUDE Change: <<<0>>> 
22:41:34: [INFO] [C:\Users\12897\autonomy-bootcamp-2025-p2\modules\command\command.py | run | 152] CHANGE YAW: -26.565051177077976
22:41:34: [INFO] Average X velocity: 0.0
22:41:34: [INFO] Average Y velocity: 1.9047619047619047
22:41:34: [INFO] Average Z velocity: 0.09523809523809523
22:41:34: [INFO] [C:\Users\12897\autonomy-bootcamp-2025-p2\modules\command\command.py | run | 121] NO ALTITUDE Change: <<<0>>> 
22:41:34: [INFO] [C:\Users\12897\autonomy-bootcamp-2025-p2\modules\command\command.py | run | 152] CHANGE YAW: -45.0
22:41:35: [INFO] Average X velocity: 0.0
22:41:35: [INFO] Average Y velocity: 2.727272727272727
22:41:35: [INFO] Average Z velocity: 0.09090909090909091
22:41:35: [INFO] [C:\Users\12897\autonomy-bootcamp-2025-p2\modules\command\command.py | run | 121] NO ALTITUDE Change: <<<0>>> 
22:41:35: [INFO] [C:\Users\12897\autonomy-bootcamp-2025-p2\modules\command\command.py | run | 152] CHANGE YAW: -90.0
22:41:35: [INFO] Average X velocity: 0.8695652173913043
22:41:35: [INFO] Average Y velocity: 2.608695652173913
22:41:35: [INFO] Average Z velocity: 0.08695652173913043
22:41:35: [INFO] [C:\Users\12897\autonomy-bootcamp-2025-p2\modules\command\command.py | run | 121] NO ALTITUDE Change: <<<0>>> 
22:41:35: [INFO] [C:\Users\12897\autonomy-bootcamp-2025-p2\modules\command\command.py | run | 152] CHANGE YAW: -45.0
22:41:36: [INFO] Average X velocity: 1.6666666666666667
22:41:36: [INFO] Average Y velocity: 2.5
22:41:36: [INFO] Average Z velocity: 0.08333333333333333
22:41:36: [INFO] [C:\Users\12897\autonomy-bootcamp-2025-p2\modules\command\command.py | run | 121] NO ALTITUDE Change: <<<0>>> 
22:41:36: [INFO] [C:\Users\12897\autonomy-bootcamp-2025-p2\modules\command\command.py | run | 152] CHANGE YAW: -90.0
22:41:36: [INFO] Average X velocity: 2.4
22:41:36: [INFO] Average Y velocity: 2.4
22:41:36: [INFO] Average Z velocity: 0.08
22:41:36: [INFO] [C:\Users\12897\autonomy-bootcamp-2025-p2\modules\command\command.py | run | 121] NO ALTITUDE Change: <<<0>>> 
22:41:36: [INFO] [C:\Users\12897\autonomy-bootcamp-2025-p2\modules\command\command.py | run | 152] CHANGE YAW: -135.0
22:41:37: [INFO] Average X velocity: 2.3076923076923075
22:41:37: [INFO] Average Y velocity: 1.5384615384615385
22:41:37: [INFO] Average Z velocity: 0.07692307692307693
22:41:37: [INFO] [C:\Users\12897\autonomy-bootcamp-2025-p2\modules\command\command.py | run | 121] NO ALTITUDE Change: <<<0>>> 
22:41:37: [INFO] [C:\Users\12897\autonomy-bootcamp-2025-p2\modules\command\command.py | run | 152] CHANGE YAW: -63.434948822921996
22:41:37: [INFO] Average X velocity: 2.2222222222222223
22:41:37: [INFO] Average Y velocity: 0.7407407407407407
22:41:37: [INFO] Average Z velocity: 0.07407407407407407
22:41:37: [INFO] [C:\Users\12897\autonomy-bootcamp-2025-p2\modules\command\command.py | run | 121] NO ALTITUDE Change: <<<0>>> 
22:41:37: [INFO] [C:\Users\12897\autonomy-bootcamp-2025-p2\modules\command\command.py | run | 152] CHANGE YAW: -90.0
22:41:38: [INFO] Average X velocity: 2.142857142857143
22:41:38: [INFO] Average Y velocity: 0.0
22:41:38: [INFO] Average Z velocity: 0.07142857142857142
22:41:38: [INFO] [C:\Users\12897\autonomy-bootcamp-2025-p2\modules\command\command.py | run | 121] NO ALTITUDE Change: <<<0>>> 
22:41:38: [INFO] [C:\Users\12897\autonomy-bootcamp-2025-p2\modules\command\command.py | run | 152] CHANGE YAW: -116.56505117707798
22:41:38: [INFO] Average X velocity: 1.3793103448275863
22:41:38: [INFO] Average Y velocity: 0.0
22:41:38: [INFO] Average Z velocity: 0.06896551724137931
22:41:38: [INFO] [C:\Users\12897\autonomy-bootcamp-2025-p2\modules\command\command.py | run | 121] NO ALTITUDE Change: <<<0>>> 
22:41:38: [INFO] [C:\Users\12897\autonomy-bootcamp-2025-p2\modules\command\command.py | run | 152] CHANGE YAW: -45.0
