19:05:56: [INFO] [C:\Users\12897\autonomy-bootcamp-2025-p2\modules\common\modules\logger\logger_main_setup.py | setup_main_logger | 62] main logger initialized
19:05:57: [INFO] [C:\Users\12897\autonomy-bootcamp-2025-p2\tests\integration\test_command.py | main | 133] Connected!
19:05:57: [INFO] [C:\Users\12897\autonomy-bootcamp-2025-p2\tests\integration\test_command.py | read_queue | 76] CHANGE ALTITUDE: 1
CHANGE YAW: 63.434948822922024
19:05:58: [INFO] [C:\Users\12897\autonomy-bootcamp-2025-p2\tests\integration\test_command.py | read_queue | 76] CHANGE ALTITUDE: -1
CHANGE YAW: 63.434948822922024
19:05:58: [INFO] [C:\Users\12897\autonomy-bootcamp-2025-p2\tests\integration\test_command.py | read_queue | 76] Drone has not been changed
19:05:59: [INFO] [C:\Users\12897\autonomy-bootcamp-2025-p2\tests\integration\test_command.py | read_queue | 76] Drone has not been changed
19:05:59: [INFO] [C:\Users\12897\autonomy-bootcamp-2025-p2\tests\integration\test_command.py | read_queue | 76] Drone has not been changed
19:06:00: [INFO] [C:\Users\12897\autonomy-bootcamp-2025-p2\tests\integration\test_command.py | read_queue | 76] Drone has not been changed
19:06:00: [INFO] [C:\Users\12897\autonomy-bootcamp-2025-p2\tests\integration\test_command.py | read_queue | 76] Drone has not been changed
19:06:01: [INFO] [C:\Users\12897\autonomy-bootcamp-2025-p2\tests\integration\test_command.py | read_queue | 76] CHANGE YAW: 63.434948822922024
19:06:01: [INFO] [C:\Users\12897\autonomy-bootcamp-2025-p2\tests\integration\test_command.py | read_queue | 76] CHANGE YAW: 90.0
19:06:02: [INFO] [C:\Users\12897\autonomy-bootcamp-2025-p2\tests\integration\test_command.py | read_queue | 76] CHANGE YAW: 116.56505117707798
19:06:02: [INFO] [C:\Users\12897\autonomy-bootcamp-2025-p2\tests\integration\test_command.py | read_queue | 76] CHANGE YAW: 45.0
19:06:03: [INFO] [C:\Users\12897\autonomy-bootcamp-2025-p2\tests\integration\test_command.py | read_queue | 76] CHANGE YAW: 63.434948822921996
19:06:03: [INFO] [C:\Users\12897\autonomy-bootcamp-2025-p2\tests\integration\test_command.py | read_queue | 76] CHANGE YAW: 90.0
19:06:04: [INFO] [C:\Users\12897\autonomy-bootcamp-2025-p2\tests\integration\test_command.py | read_queue | 76] CHANGE YAW: 26.565051177077976
19:06:04: [INFO] [C:\Users\12897\autonomy-bootcamp-2025-p2\tests\integration\test_command.py | read_queue | 76] CHANGE YAW: 45.0
19:06:05: [INFO] [C:\Users\12897\autonomy-bootcamp-2025-p2\tests\integration\test_command.py | read_queue | 76] CHANGE YAW: 90.0
19:06:05: [INFO] [C:\Users\12897\autonomy-bootcamp-2025-p2\tests\integration\test_command.py | read_queue | 76] CHANGE YAW: 45.0
19:06:06: [INFO] [C:\Users\12897\autonomy-bootcamp-2025-p2\tests\integration\test_command.py | read_queue | 76] CHANGE YAW: 90.0
19:06:06: [INFO] [C:\Users\12897\autonomy-bootcamp-2025-p2\tests\integration\test_command.py | read_queue | 76] CHANGE YAW: 135.0
19:06:07: [INFO] [C:\Users\12897\autonomy-bootcamp-2025-p2\tests\integration\test_command.py | read_queue | 76] CHANGE YAW: -26.565051177077976
19:06:07: [INFO] [C:\Users\12897\autonomy-bootcamp-2025-p2\tests\integration\test_command.py | read_queue | 76] CHANGE YAW: -45.0
19:06:08: [INFO] [C:\Users\12897\autonomy-bootcamp-2025-p2\tests\integration\test_command.py | read_queue | 76] CHANGE YAW: -90.0
19:06:08: [INFO] [C:\Users\12897\autonomy-bootcamp-2025-p2\tests\integration\test_command.py | read_queue | 76] CHANGE YAW: -45.0
19:06:09: [INFO] [C:\Users\12897\autonomy-bootcamp-2025-p2\tests\integration\test_command.py | read_queue | 76] CHANGE YAW: -90.0
19:06:09: [INFO] [C:\Users\12897\autonomy-bootcamp-2025-p2\tests\integration\test_command.py | read_queue | 76] CHANGE YAW: -135.0
19:06:10: [INFO] [C:\Users\12897\autonomy-bootcamp-2025-p2\tests\integration\test_command.py | read_queue | 76] CHANGE YAW: -63.434948822921996
19:06:10: [INFO] [C:\Users\12897\autonomy-bootcamp-2025-p2\tests\integration\test_command.py | read_queue | 76] CHANGE YAW: -90.0
19:06:11: [INFO] [C:\Users\12897\autonomy-bootcamp-2025-p2\tests\integration\test_command.py | read_queue | 76] CHANGE YAW: -116.56505117707798
19:06:11: [INFO] [C:\Users\12897\autonomy-bootcamp-2025-p2\tests\integration\test_command.py | read_queue | 76] CHANGE YAW: -45.0
19:06:12: [INFO] [C:\Users\12897\autonomy-bootcamp-2025-p2\tests\integration\test_command.py | read_queue | 76] CHANGE YAW: -63.43494882292201
19:06:12: [INFO] [C:\Users\12897\autonomy-bootcamp-2025-p2\tests\integration\test_command.py | read_queue | 76] CHANGE YAW: -90.0
19:06:13: [INFO] [C:\Users\12897\autonomy-bootcamp-2025-p2\tests\integration\test_command.py | read_queue | 76] CHANGE ALTITUDE: 1
CHANGE YAW: 63.434948822922024
19:06:13: [INFO] [C:\Users\12897\autonomy-bootcamp-2025-p2\tests\integration\test_command.py | read_queue | 76] CHANGE ALTITUDE: -1
CHANGE YAW: 63.434948822922024
