19:31:30: [INFO] [C:\Users\12897\autonomy-bootcamp-2025-p2\modules\command\command_worker.py | command_worker | 48] Logger initialized
19:31:31: [INFO] Average X velocity: 0.0
19:31:31: [INFO] Average Y velocity: 0.0
19:31:31: [INFO] Average Z velocity: 4.0
19:31:31: [INFO] [C:\Users\12897\autonomy-bootcamp-2025-p2\modules\command\command.py | run | 117] CHANGE ALTITUDE: 30
19:31:31: [INFO] [C:\Users\12897\autonomy-bootcamp-2025-p2\modules\command\command.py | run | 148] CHANGE YAW: 63.434948822922024
19:31:31: [INFO] Average X velocity: 0.0
19:31:31: [INFO] Average Y velocity: 0.0
19:31:31: [INFO] Average Z velocity: 1.0
19:31:31: [INFO] [C:\Users\12897\autonomy-bootcamp-2025-p2\modules\command\command.py | run | 117] CHANGE ALTITUDE: 30
19:31:31: [INFO] [C:\Users\12897\autonomy-bootcamp-2025-p2\modules\command\command.py | run | 148] CHANGE YAW: 63.434948822922024
19:31:31: [INFO] Average X velocity: 0.0
19:31:31: [INFO] Average Y velocity: 0.0
19:31:32: [INFO] Average Z velocity: 0.6666666666666666
19:31:32: [INFO] Average X velocity: 0.0
19:31:32: [INFO] Average Y velocity: 0.0
19:31:32: [INFO] Average Z velocity: 0.5
19:31:32: [INFO] Average X velocity: 0.0
19:31:32: [INFO] Average Y velocity: 0.0
19:31:32: [INFO] Average Z velocity: 0.4
19:31:33: [INFO] Average X velocity: 0.0
19:31:33: [INFO] Average Y velocity: 0.0
19:31:33: [INFO] Average Z velocity: 0.3333333333333333
19:31:34: [INFO] Average X velocity: 0.0
19:31:34: [INFO] Average Y velocity: 0.0
19:31:34: [INFO] Average Z velocity: 0.2857142857142857
19:31:34: [INFO] Average X velocity: 0.0
19:31:34: [INFO] Average Y velocity: 2.5
19:31:34: [INFO] Average Z velocity: 0.25
19:31:34: [INFO] [C:\Users\12897\autonomy-bootcamp-2025-p2\modules\command\command.py | run | 148] CHANGE YAW: 63.434948822922024
19:31:35: [INFO] Average X velocity: 0.0
19:31:35: [INFO] Average Y velocity: 4.444444444444445
19:31:35: [INFO] Average Z velocity: 0.2222222222222222
19:31:35: [INFO] [C:\Users\12897\autonomy-bootcamp-2025-p2\modules\command\command.py | run | 148] CHANGE YAW: 90.0
19:31:35: [INFO] Average X velocity: 0.0
19:31:35: [INFO] Average Y velocity: 6.0
19:31:35: [INFO] Average Z velocity: 0.2
19:31:35: [INFO] [C:\Users\12897\autonomy-bootcamp-2025-p2\modules\command\command.py | run | 148] CHANGE YAW: 116.56505117707798
19:31:36: [INFO] Average X velocity: 1.8181818181818181
19:31:36: [INFO] Average Y velocity: 5.454545454545454
19:31:36: [INFO] Average Z velocity: 0.18181818181818182
19:31:36: [INFO] [C:\Users\12897\autonomy-bootcamp-2025-p2\modules\command\command.py | run | 148] CHANGE YAW: 45.0
19:31:36: [INFO] Average X velocity: 3.3333333333333335
19:31:36: [INFO] Average Y velocity: 5.0
19:31:36: [INFO] Average Z velocity: 0.16666666666666666
19:31:36: [INFO] [C:\Users\12897\autonomy-bootcamp-2025-p2\modules\command\command.py | run | 148] CHANGE YAW: 63.434948822921996
19:31:37: [INFO] Average X velocity: 4.615384615384615
19:31:37: [INFO] Average Y velocity: 4.615384615384615
19:31:37: [INFO] Average Z velocity: 0.15384615384615385
19:31:37: [INFO] [C:\Users\12897\autonomy-bootcamp-2025-p2\modules\command\command.py | run | 148] CHANGE YAW: 90.0
19:31:38: [INFO] Average X velocity: 4.285714285714286
19:31:38: [INFO] Average Y velocity: 2.857142857142857
19:31:38: [INFO] Average Z velocity: 0.14285714285714285
19:31:38: [INFO] [C:\Users\12897\autonomy-bootcamp-2025-p2\modules\command\command.py | run | 148] CHANGE YAW: 26.565051177077976
19:31:38: [INFO] Average X velocity: 4.0
19:31:38: [INFO] Average Y velocity: 1.3333333333333333
19:31:38: [INFO] Average Z velocity: 0.13333333333333333
19:31:38: [INFO] [C:\Users\12897\autonomy-bootcamp-2025-p2\modules\command\command.py | run | 148] CHANGE YAW: 45.0
19:31:39: [INFO] Average X velocity: 3.75
19:31:39: [INFO] Average Y velocity: 0.0
19:31:39: [INFO] Average Z velocity: 0.125
19:31:39: [INFO] [C:\Users\12897\autonomy-bootcamp-2025-p2\modules\command\command.py | run | 148] CHANGE YAW: 90.0
19:31:39: [INFO] Average X velocity: 2.3529411764705883
19:31:39: [INFO] Average Y velocity: 0.0
19:31:39: [INFO] Average Z velocity: 0.11764705882352941
19:31:39: [INFO] [C:\Users\12897\autonomy-bootcamp-2025-p2\modules\command\command.py | run | 148] CHANGE YAW: 45.0
19:31:40: [INFO] Average X velocity: 1.1111111111111112
19:31:40: [INFO] Average Y velocity: 0.0
19:31:40: [INFO] Average Z velocity: 0.1111111111111111
19:31:40: [INFO] [C:\Users\12897\autonomy-bootcamp-2025-p2\modules\command\command.py | run | 148] CHANGE YAW: 90.0
19:31:40: [INFO] Average X velocity: 0.0
19:31:41: [INFO] Average Y velocity: 0.0
19:31:41: [INFO] Average Z velocity: 0.10526315789473684
19:31:41: [INFO] [C:\Users\12897\autonomy-bootcamp-2025-p2\modules\command\command.py | run | 148] CHANGE YAW: 135.0
19:31:41: [INFO] Average X velocity: 0.0
19:31:41: [INFO] Average Y velocity: 1.0
19:31:41: [INFO] Average Z velocity: 0.1
19:31:41: [INFO] [C:\Users\12897\autonomy-bootcamp-2025-p2\modules\command\command.py | run | 148] CHANGE YAW: -26.565051177077976
19:31:42: [INFO] Average X velocity: 0.0
19:31:42: [INFO] Average Y velocity: 1.9047619047619047
19:31:42: [INFO] Average Z velocity: 0.09523809523809523
19:31:42: [INFO] [C:\Users\12897\autonomy-bootcamp-2025-p2\modules\command\command.py | run | 148] CHANGE YAW: -45.0
19:31:42: [INFO] Average X velocity: 0.0
19:31:42: [INFO] Average Y velocity: 2.727272727272727
19:31:42: [INFO] Average Z velocity: 0.09090909090909091
19:31:42: [INFO] [C:\Users\12897\autonomy-bootcamp-2025-p2\modules\command\command.py | run | 148] CHANGE YAW: -90.0
19:31:43: [INFO] Average X velocity: 0.8695652173913043
19:31:43: [INFO] Average Y velocity: 2.608695652173913
19:31:43: [INFO] Average Z velocity: 0.08695652173913043
19:31:43: [INFO] [C:\Users\12897\autonomy-bootcamp-2025-p2\modules\command\command.py | run | 148] CHANGE YAW: -45.0
19:31:43: [INFO] Average X velocity: 1.6666666666666667
19:31:43: [INFO] Average Y velocity: 2.5
19:31:43: [INFO] Average Z velocity: 0.08333333333333333
19:31:43: [INFO] [C:\Users\12897\autonomy-bootcamp-2025-p2\modules\command\command.py | run | 148] CHANGE YAW: -90.0
19:31:44: [INFO] Average X velocity: 2.4
19:31:44: [INFO] Average Y velocity: 2.4
19:31:44: [INFO] Average Z velocity: 0.08
19:31:44: [INFO] [C:\Users\12897\autonomy-bootcamp-2025-p2\modules\command\command.py | run | 148] CHANGE YAW: -135.0
19:31:44: [INFO] Average X velocity: 2.3076923076923075
19:31:44: [INFO] Average Y velocity: 1.5384615384615385
19:31:44: [INFO] Average Z velocity: 0.07692307692307693
19:31:44: [INFO] [C:\Users\12897\autonomy-bootcamp-2025-p2\modules\command\command.py | run | 148] CHANGE YAW: -63.434948822921996
19:31:45: [INFO] Average X velocity: 2.2222222222222223
19:31:45: [INFO] Average Y velocity: 0.7407407407407407
19:31:45: [INFO] Average Z velocity: 0.07407407407407407
19:31:45: [INFO] [C:\Users\12897\autonomy-bootcamp-2025-p2\modules\command\command.py | run | 148] CHANGE YAW: -90.0
19:31:46: [INFO] Average X velocity: 2.142857142857143
19:31:46: [INFO] Average Y velocity: 0.0
19:31:46: [INFO] Average Z velocity: 0.07142857142857142
19:31:46: [INFO] [C:\Users\12897\autonomy-bootcamp-2025-p2\modules\command\command.py | run | 148] CHANGE YAW: -116.56505117707798
19:31:46: [INFO] Average X velocity: 1.3793103448275863
19:31:46: [INFO] Average Y velocity: 0.0
19:31:46: [INFO] Average Z velocity: 0.06896551724137931
19:31:46: [INFO] [C:\Users\12897\autonomy-bootcamp-2025-p2\modules\command\command.py | run | 148] CHANGE YAW: -45.0
