22:42:37: [INFO] [C:\Users\12897\autonomy-bootcamp-2025-p2\modules\command\command_worker.py | command_worker | 48] Logger initialized
22:42:37: [INFO] Average X velocity: 0.0
22:42:37: [INFO] Average Y velocity: 0.0
22:42:37: [INFO] Average Z velocity: 4.0
22:42:38: [INFO] [C:\Users\12897\autonomy-bootcamp-2025-p2\modules\command\command.py | run | 119] CHANGE ALTITUDE: 1
22:42:38: [INFO] [C:\Users\12897\autonomy-bootcamp-2025-p2\modules\command\command.py | run | 150] CHANGE YAW: 63.434948822922024
22:42:38: [INFO] Average X velocity: 0.0
22:42:38: [INFO] Average Y velocity: 0.0
22:42:38: [INFO] Average Z velocity: 1.0
22:42:38: [INFO] [C:\Users\12897\autonomy-bootcamp-2025-p2\modules\command\command.py | run | 119] CHANGE ALTITUDE: -1
22:42:38: [INFO] [C:\Users\12897\autonomy-bootcamp-2025-p2\modules\command\command.py | run | 150] CHANGE YAW: 63.434948822922024
22:42:38: [INFO] Average X velocity: 0.0
22:42:38: [INFO] Average Y velocity: 0.0
22:42:38: [INFO] Average Z velocity: 0.6666666666666666
22:42:38: [INFO] Average X velocity: 0.0
22:42:38: [INFO] Average Y velocity: 0.0
22:42:38: [INFO] Average Z velocity: 0.5
22:42:39: [INFO] Average X velocity: 0.0
22:42:39: [INFO] Average Y velocity: 0.0
22:42:39: [INFO] Average Z velocity: 0.4
22:42:39: [INFO] Average X velocity: 0.0
22:42:39: [INFO] Average Y velocity: 0.0
22:42:39: [INFO] Average Z velocity: 0.3333333333333333
22:42:39: [INFO] Average X velocity: 0.0
22:42:39: [INFO] Average Y velocity: 0.0
22:42:39: [INFO] Average Z velocity: 0.2857142857142857
22:42:40: [INFO] Average X velocity: 0.0
22:42:40: [INFO] Average Y velocity: 2.5
22:42:40: [INFO] Average Z velocity: 0.25
22:42:40: [INFO] [C:\Users\12897\autonomy-bootcamp-2025-p2\modules\command\command.py | run | 150] CHANGE YAW: 63.434948822922024
22:42:41: [INFO] Average X velocity: 0.0
22:42:41: [INFO] Average Y velocity: 4.444444444444445
22:42:41: [INFO] Average Z velocity: 0.2222222222222222
22:42:41: [INFO] [C:\Users\12897\autonomy-bootcamp-2025-p2\modules\command\command.py | run | 150] CHANGE YAW: 90.0
22:42:41: [INFO] Average X velocity: 0.0
22:42:41: [INFO] Average Y velocity: 6.0
22:42:41: [INFO] Average Z velocity: 0.2
22:42:41: [INFO] [C:\Users\12897\autonomy-bootcamp-2025-p2\modules\command\command.py | run | 150] CHANGE YAW: 116.56505117707798
22:42:42: [INFO] Average X velocity: 1.8181818181818181
22:42:42: [INFO] Average Y velocity: 5.454545454545454
22:42:42: [INFO] Average Z velocity: 0.18181818181818182
22:42:42: [INFO] [C:\Users\12897\autonomy-bootcamp-2025-p2\modules\command\command.py | run | 150] CHANGE YAW: 45.0
22:42:42: [INFO] Average X velocity: 3.3333333333333335
22:42:42: [INFO] Average Y velocity: 5.0
22:42:42: [INFO] Average Z velocity: 0.16666666666666666
22:42:42: [INFO] [C:\Users\12897\autonomy-bootcamp-2025-p2\modules\command\command.py | run | 150] CHANGE YAW: 63.434948822921996
22:42:43: [INFO] Average X velocity: 4.615384615384615
22:42:43: [INFO] Average Y velocity: 4.615384615384615
22:42:43: [INFO] Average Z velocity: 0.15384615384615385
22:42:43: [INFO] [C:\Users\12897\autonomy-bootcamp-2025-p2\modules\command\command.py | run | 150] CHANGE YAW: 90.0
22:42:43: [INFO] Average X velocity: 4.285714285714286
22:42:43: [INFO] Average Y velocity: 2.857142857142857
22:42:44: [INFO] Average Z velocity: 0.14285714285714285
22:42:44: [INFO] [C:\Users\12897\autonomy-bootcamp-2025-p2\modules\command\command.py | run | 150] CHANGE YAW: 26.565051177077976
22:42:44: [INFO] Average X velocity: 4.0
22:42:44: [INFO] Average Y velocity: 1.3333333333333333
22:42:44: [INFO] Average Z velocity: 0.13333333333333333
22:42:44: [INFO] [C:\Users\12897\autonomy-bootcamp-2025-p2\modules\command\command.py | run | 150] CHANGE YAW: 45.0
22:42:45: [INFO] Average X velocity: 3.75
22:42:45: [INFO] Average Y velocity: 0.0
22:42:45: [INFO] Average Z velocity: 0.125
22:42:45: [INFO] [C:\Users\12897\autonomy-bootcamp-2025-p2\modules\command\command.py | run | 150] CHANGE YAW: 90.0
22:42:45: [INFO] Average X velocity: 2.3529411764705883
22:42:45: [INFO] Average Y velocity: 0.0
22:42:45: [INFO] Average Z velocity: 0.11764705882352941
22:42:45: [INFO] [C:\Users\12897\autonomy-bootcamp-2025-p2\modules\command\command.py | run | 150] CHANGE YAW: 45.0
22:42:46: [INFO] Average X velocity: 1.1111111111111112
22:42:46: [INFO] Average Y velocity: 0.0
22:42:46: [INFO] Average Z velocity: 0.1111111111111111
22:42:46: [INFO] [C:\Users\12897\autonomy-bootcamp-2025-p2\modules\command\command.py | run | 150] CHANGE YAW: 90.0
22:42:46: [INFO] Average X velocity: 0.0
22:42:46: [INFO] Average Y velocity: 0.0
22:42:46: [INFO] Average Z velocity: 0.10526315789473684
22:42:46: [INFO] [C:\Users\12897\autonomy-bootcamp-2025-p2\modules\command\command.py | run | 150] CHANGE YAW: 135.0
22:42:47: [INFO] Average X velocity: 0.0
22:42:47: [INFO] Average Y velocity: 1.0
22:42:47: [INFO] Average Z velocity: 0.1
22:42:47: [INFO] [C:\Users\12897\autonomy-bootcamp-2025-p2\modules\command\command.py | run | 150] CHANGE YAW: -26.565051177077976
22:42:47: [INFO] Average X velocity: 0.0
22:42:47: [INFO] Average Y velocity: 1.9047619047619047
22:42:47: [INFO] Average Z velocity: 0.09523809523809523
22:42:47: [INFO] [C:\Users\12897\autonomy-bootcamp-2025-p2\modules\command\command.py | run | 150] CHANGE YAW: -45.0
22:42:48: [INFO] Average X velocity: 0.0
22:42:48: [INFO] Average Y velocity: 2.727272727272727
22:42:48: [INFO] Average Z velocity: 0.09090909090909091
22:42:48: [INFO] [C:\Users\12897\autonomy-bootcamp-2025-p2\modules\command\command.py | run | 150] CHANGE YAW: -90.0
22:42:48: [INFO] Average X velocity: 0.8695652173913043
22:42:48: [INFO] Average Y velocity: 2.608695652173913
22:42:48: [INFO] Average Z velocity: 0.08695652173913043
22:42:48: [INFO] [C:\Users\12897\autonomy-bootcamp-2025-p2\modules\command\command.py | run | 150] CHANGE YAW: -45.0
22:42:49: [INFO] Average X velocity: 1.6666666666666667
22:42:49: [INFO] Average Y velocity: 2.5
22:42:49: [INFO] Average Z velocity: 0.08333333333333333
22:42:49: [INFO] [C:\Users\12897\autonomy-bootcamp-2025-p2\modules\command\command.py | run | 150] CHANGE YAW: -90.0
22:42:50: [INFO] Average X velocity: 2.4
22:42:50: [INFO] Average Y velocity: 2.4
22:42:50: [INFO] Average Z velocity: 0.08
22:42:50: [INFO] [C:\Users\12897\autonomy-bootcamp-2025-p2\modules\command\command.py | run | 150] CHANGE YAW: -135.0
22:42:50: [INFO] Average X velocity: 2.3076923076923075
22:42:50: [INFO] Average Y velocity: 1.5384615384615385
22:42:50: [INFO] Average Z velocity: 0.07692307692307693
22:42:50: [INFO] [C:\Users\12897\autonomy-bootcamp-2025-p2\modules\command\command.py | run | 150] CHANGE YAW: -63.434948822921996
22:42:51: [INFO] Average X velocity: 2.2222222222222223
22:42:51: [INFO] Average Y velocity: 0.7407407407407407
22:42:51: [INFO] Average Z velocity: 0.07407407407407407
22:42:51: [INFO] [C:\Users\12897\autonomy-bootcamp-2025-p2\modules\command\command.py | run | 150] CHANGE YAW: -90.0
22:42:51: [INFO] Average X velocity: 2.142857142857143
22:42:51: [INFO] Average Y velocity: 0.0
22:42:51: [INFO] Average Z velocity: 0.07142857142857142
22:42:51: [INFO] [C:\Users\12897\autonomy-bootcamp-2025-p2\modules\command\command.py | run | 150] CHANGE YAW: -116.56505117707798
22:42:52: [INFO] Average X velocity: 1.3793103448275863
22:42:52: [INFO] Average Y velocity: 0.0
22:42:52: [INFO] Average Z velocity: 0.06896551724137931
22:42:52: [INFO] [C:\Users\12897\autonomy-bootcamp-2025-p2\modules\command\command.py | run | 150] CHANGE YAW: -45.0
