14:54:39: [INFO] [C:\Users\12897\autonomy-bootcamp-2025-p2\modules\command\command_worker.py | command_worker | 125] Logger initialized
14:54:39: [INFO] Average X velocity: 0.0
14:54:39: [INFO] Average Y velocity: 0.0
14:54:39: [INFO] Average Z velocity: 4.0
14:54:40: [INFO] [C:\Users\12897\autonomy-bootcamp-2025-p2\modules\command\command.py | run | 264] CHANGE ALTITUDE: 1
14:54:40: [INFO] [C:\Users\12897\autonomy-bootcamp-2025-p2\modules\command\command.py | run | 295] CHANGE YAW: 63.434948822922024
14:54:40: [INFO] Average X velocity: 0.0
14:54:40: [INFO] Average Y velocity: 0.0
14:54:40: [INFO] Average Z velocity: 1.0
14:54:40: [INFO] [C:\Users\12897\autonomy-bootcamp-2025-p2\modules\command\command.py | run | 264] CHANGE ALTITUDE: -1
14:54:40: [INFO] [C:\Users\12897\autonomy-bootcamp-2025-p2\modules\command\command.py | run | 295] CHANGE YAW: 63.434948822922024
14:54:40: [INFO] Average X velocity: 0.0
14:54:40: [INFO] Average Y velocity: 0.0
14:54:40: [INFO] Average Z velocity: 0.6666666666666666
14:54:40: [INFO] Average X velocity: 0.0
14:54:40: [INFO] Average Y velocity: 0.0
14:54:40: [INFO] Average Z velocity: 0.5
14:54:40: [INFO] Average X velocity: 0.0
14:54:40: [INFO] Average Y velocity: 0.0
14:54:40: [INFO] Average Z velocity: 0.4
14:54:41: [INFO] Average X velocity: 0.0
14:54:41: [INFO] Average Y velocity: 0.0
14:54:41: [INFO] Average Z velocity: 0.3333333333333333
14:54:41: [INFO] Average X velocity: 0.0
14:54:41: [INFO] Average Y velocity: 0.0
14:54:41: [INFO] Average Z velocity: 0.2857142857142857
14:54:42: [INFO] Average X velocity: 0.0
14:54:42: [INFO] Average Y velocity: 2.5
14:54:42: [INFO] Average Z velocity: 0.25
14:54:42: [INFO] [C:\Users\12897\autonomy-bootcamp-2025-p2\modules\command\command.py | run | 295] CHANGE YAW: 63.434948822922024
14:54:42: [INFO] Average X velocity: 0.0
14:54:42: [INFO] Average Y velocity: 4.444444444444445
14:54:42: [INFO] Average Z velocity: 0.2222222222222222
14:54:42: [INFO] [C:\Users\12897\autonomy-bootcamp-2025-p2\modules\command\command.py | run | 295] CHANGE YAW: 90.0
14:54:43: [INFO] Average X velocity: 0.0
14:54:43: [INFO] Average Y velocity: 6.0
14:54:43: [INFO] Average Z velocity: 0.2
14:54:43: [INFO] [C:\Users\12897\autonomy-bootcamp-2025-p2\modules\command\command.py | run | 295] CHANGE YAW: 116.56505117707798
14:54:44: [INFO] Average X velocity: 1.8181818181818181
14:54:44: [INFO] Average Y velocity: 5.454545454545454
14:54:44: [INFO] Average Z velocity: 0.18181818181818182
14:54:44: [INFO] [C:\Users\12897\autonomy-bootcamp-2025-p2\modules\command\command.py | run | 295] CHANGE YAW: 45.0
14:54:44: [INFO] Average X velocity: 3.3333333333333335
14:54:44: [INFO] Average Y velocity: 5.0
14:54:44: [INFO] Average Z velocity: 0.16666666666666666
14:54:44: [INFO] [C:\Users\12897\autonomy-bootcamp-2025-p2\modules\command\command.py | run | 295] CHANGE YAW: 63.434948822921996
14:54:45: [INFO] Average X velocity: 4.615384615384615
14:54:45: [INFO] Average Y velocity: 4.615384615384615
14:54:45: [INFO] Average Z velocity: 0.15384615384615385
14:54:45: [INFO] [C:\Users\12897\autonomy-bootcamp-2025-p2\modules\command\command.py | run | 295] CHANGE YAW: 90.0
14:54:45: [INFO] Average X velocity: 4.285714285714286
14:54:45: [INFO] Average Y velocity: 2.857142857142857
14:54:45: [INFO] Average Z velocity: 0.14285714285714285
14:54:45: [INFO] [C:\Users\12897\autonomy-bootcamp-2025-p2\modules\command\command.py | run | 295] CHANGE YAW: 26.565051177077976
14:54:46: [INFO] Average X velocity: 4.0
14:54:46: [INFO] Average Y velocity: 1.3333333333333333
14:54:46: [INFO] Average Z velocity: 0.13333333333333333
14:54:46: [INFO] [C:\Users\12897\autonomy-bootcamp-2025-p2\modules\command\command.py | run | 295] CHANGE YAW: 45.0
14:54:46: [INFO] Average X velocity: 3.75
14:54:46: [INFO] Average Y velocity: 0.0
14:54:46: [INFO] Average Z velocity: 0.125
14:54:46: [INFO] [C:\Users\12897\autonomy-bootcamp-2025-p2\modules\command\command.py | run | 295] CHANGE YAW: 90.0
14:54:47: [INFO] Average X velocity: 2.3529411764705883
14:54:47: [INFO] Average Y velocity: 0.0
14:54:47: [INFO] Average Z velocity: 0.11764705882352941
14:54:47: [INFO] [C:\Users\12897\autonomy-bootcamp-2025-p2\modules\command\command.py | run | 295] CHANGE YAW: 45.0
14:54:47: [INFO] Average X velocity: 1.1111111111111112
14:54:47: [INFO] Average Y velocity: 0.0
14:54:47: [INFO] Average Z velocity: 0.1111111111111111
14:54:47: [INFO] [C:\Users\12897\autonomy-bootcamp-2025-p2\modules\command\command.py | run | 295] CHANGE YAW: 90.0
14:54:48: [INFO] Average X velocity: 0.0
14:54:48: [INFO] Average Y velocity: 0.0
14:54:48: [INFO] Average Z velocity: 0.10526315789473684
14:54:48: [INFO] [C:\Users\12897\autonomy-bootcamp-2025-p2\modules\command\command.py | run | 295] CHANGE YAW: 135.0
14:54:48: [INFO] Average X velocity: 0.0
14:54:48: [INFO] Average Y velocity: 1.0
14:54:48: [INFO] Average Z velocity: 0.1
14:54:48: [INFO] [C:\Users\12897\autonomy-bootcamp-2025-p2\modules\command\command.py | run | 295] CHANGE YAW: -26.565051177077976
14:54:49: [INFO] Average X velocity: 0.0
14:54:49: [INFO] Average Y velocity: 1.9047619047619047
14:54:49: [INFO] Average Z velocity: 0.09523809523809523
14:54:49: [INFO] [C:\Users\12897\autonomy-bootcamp-2025-p2\modules\command\command.py | run | 295] CHANGE YAW: -45.0
14:54:49: [INFO] Average X velocity: 0.0
14:54:49: [INFO] Average Y velocity: 2.727272727272727
14:54:50: [INFO] Average Z velocity: 0.09090909090909091
14:54:50: [INFO] [C:\Users\12897\autonomy-bootcamp-2025-p2\modules\command\command.py | run | 295] CHANGE YAW: -90.0
14:54:50: [INFO] Average X velocity: 0.8695652173913043
14:54:50: [INFO] Average Y velocity: 2.608695652173913
14:54:50: [INFO] Average Z velocity: 0.08695652173913043
14:54:50: [INFO] [C:\Users\12897\autonomy-bootcamp-2025-p2\modules\command\command.py | run | 295] CHANGE YAW: -45.0
14:54:51: [INFO] Average X velocity: 1.6666666666666667
14:54:51: [INFO] Average Y velocity: 2.5
14:54:51: [INFO] Average Z velocity: 0.08333333333333333
14:54:51: [INFO] [C:\Users\12897\autonomy-bootcamp-2025-p2\modules\command\command.py | run | 295] CHANGE YAW: -90.0
14:54:51: [INFO] Average X velocity: 2.4
14:54:51: [INFO] Average Y velocity: 2.4
14:54:51: [INFO] Average Z velocity: 0.08
14:54:51: [INFO] [C:\Users\12897\autonomy-bootcamp-2025-p2\modules\command\command.py | run | 295] CHANGE YAW: -135.0
14:54:52: [INFO] Average X velocity: 2.3076923076923075
14:54:52: [INFO] Average Y velocity: 1.5384615384615385
14:54:52: [INFO] Average Z velocity: 0.07692307692307693
14:54:52: [INFO] [C:\Users\12897\autonomy-bootcamp-2025-p2\modules\command\command.py | run | 295] CHANGE YAW: -63.434948822921996
14:54:52: [INFO] Average X velocity: 2.2222222222222223
14:54:52: [INFO] Average Y velocity: 0.7407407407407407
14:54:52: [INFO] Average Z velocity: 0.07407407407407407
14:54:52: [INFO] [C:\Users\12897\autonomy-bootcamp-2025-p2\modules\command\command.py | run | 295] CHANGE YAW: -90.0
14:54:53: [INFO] Average X velocity: 2.142857142857143
14:54:53: [INFO] Average Y velocity: 0.0
14:54:53: [INFO] Average Z velocity: 0.07142857142857142
14:54:53: [INFO] [C:\Users\12897\autonomy-bootcamp-2025-p2\modules\command\command.py | run | 295] CHANGE YAW: -116.56505117707798
14:54:53: [INFO] Average X velocity: 1.3793103448275863
14:54:53: [INFO] Average Y velocity: 0.0
14:54:53: [INFO] Average Z velocity: 0.06896551724137931
14:54:53: [INFO] [C:\Users\12897\autonomy-bootcamp-2025-p2\modules\command\command.py | run | 295] CHANGE YAW: -45.0
14:54:54: [INFO] Average X velocity: 0.6666666666666666
14:54:54: [INFO] Average Y velocity: 0.0
14:54:54: [INFO] Average Z velocity: 0.06666666666666667
14:54:54: [INFO] [C:\Users\12897\autonomy-bootcamp-2025-p2\modules\command\command.py | run | 295] CHANGE YAW: -63.43494882292201
