21:55:24: [INFO] [C:\Users\12897\autonomy-bootcamp-2025-p2\modules\command\command_worker.py | command_worker | 48] Logger initialized
21:55:24: [INFO] Average X velocity: 0.0
21:55:24: [INFO] Average Y velocity: 0.0
21:55:24: [INFO] Average Z velocity: 4.0
21:55:25: [INFO] [C:\Users\12897\autonomy-bootcamp-2025-p2\modules\command\command.py | run | 119] CHANGE ALTITUDE: 1
21:55:25: [INFO] [C:\Users\12897\autonomy-bootcamp-2025-p2\modules\command\command.py | run | 150] CHANGE YAW: 63.434948822922024
21:55:25: [INFO] Average X velocity: 0.0
21:55:25: [INFO] Average Y velocity: 0.0
21:55:25: [INFO] Average Z velocity: 1.0
21:55:25: [INFO] [C:\Users\12897\autonomy-bootcamp-2025-p2\modules\command\command.py | run | 119] CHANGE ALTITUDE: -1
21:55:25: [INFO] [C:\Users\12897\autonomy-bootcamp-2025-p2\modules\command\command.py | run | 150] CHANGE YAW: 63.434948822922024
21:55:25: [INFO] Average X velocity: 0.0
21:55:25: [INFO] Average Y velocity: 0.0
21:55:25: [INFO] Average Z velocity: 0.6666666666666666
21:55:25: [INFO] Average X velocity: 0.0
21:55:25: [INFO] Average Y velocity: 0.0
21:55:25: [INFO] Average Z velocity: 0.5
21:55:25: [INFO] Average X velocity: 0.0
21:55:25: [INFO] Average Y velocity: 0.0
21:55:25: [INFO] Average Z velocity: 0.4
21:55:26: [INFO] Average X velocity: 0.0
21:55:26: [INFO] Average Y velocity: 0.0
21:55:26: [INFO] Average Z velocity: 0.3333333333333333
21:55:26: [INFO] Average X velocity: 0.0
21:55:26: [INFO] Average Y velocity: 0.0
21:55:26: [INFO] Average Z velocity: 0.2857142857142857
21:55:27: [INFO] Average X velocity: 0.0
21:55:27: [INFO] Average Y velocity: 2.5
21:55:27: [INFO] Average Z velocity: 0.25
21:55:27: [INFO] [C:\Users\12897\autonomy-bootcamp-2025-p2\modules\command\command.py | run | 150] CHANGE YAW: 63.434948822922024
21:55:27: [INFO] Average X velocity: 0.0
21:55:27: [INFO] Average Y velocity: 4.444444444444445
21:55:27: [INFO] Average Z velocity: 0.2222222222222222
21:55:28: [INFO] [C:\Users\12897\autonomy-bootcamp-2025-p2\modules\command\command.py | run | 150] CHANGE YAW: 90.0
21:55:28: [INFO] Average X velocity: 0.0
21:55:28: [INFO] Average Y velocity: 6.0
21:55:28: [INFO] Average Z velocity: 0.2
21:55:28: [INFO] [C:\Users\12897\autonomy-bootcamp-2025-p2\modules\command\command.py | run | 150] CHANGE YAW: 116.56505117707798
21:55:28: [INFO] Average X velocity: 1.8181818181818181
21:55:29: [INFO] Average Y velocity: 5.454545454545454
21:55:29: [INFO] Average Z velocity: 0.18181818181818182
21:55:29: [INFO] [C:\Users\12897\autonomy-bootcamp-2025-p2\modules\command\command.py | run | 150] CHANGE YAW: 45.0
21:55:29: [INFO] Average X velocity: 3.3333333333333335
21:55:29: [INFO] Average Y velocity: 5.0
21:55:29: [INFO] Average Z velocity: 0.16666666666666666
21:55:29: [INFO] [C:\Users\12897\autonomy-bootcamp-2025-p2\modules\command\command.py | run | 150] CHANGE YAW: 63.434948822921996
21:55:30: [INFO] Average X velocity: 4.615384615384615
21:55:30: [INFO] Average Y velocity: 4.615384615384615
21:55:30: [INFO] Average Z velocity: 0.15384615384615385
21:55:30: [INFO] [C:\Users\12897\autonomy-bootcamp-2025-p2\modules\command\command.py | run | 150] CHANGE YAW: 90.0
21:55:30: [INFO] Average X velocity: 4.285714285714286
21:55:30: [INFO] Average Y velocity: 2.857142857142857
21:55:30: [INFO] Average Z velocity: 0.14285714285714285
21:55:30: [INFO] [C:\Users\12897\autonomy-bootcamp-2025-p2\modules\command\command.py | run | 150] CHANGE YAW: 26.565051177077976
21:55:31: [INFO] Average X velocity: 4.0
21:55:31: [INFO] Average Y velocity: 1.3333333333333333
21:55:31: [INFO] Average Z velocity: 0.13333333333333333
21:55:31: [INFO] [C:\Users\12897\autonomy-bootcamp-2025-p2\modules\command\command.py | run | 150] CHANGE YAW: 45.0
21:55:31: [INFO] Average X velocity: 3.75
21:55:31: [INFO] Average Y velocity: 0.0
21:55:31: [INFO] Average Z velocity: 0.125
21:55:31: [INFO] [C:\Users\12897\autonomy-bootcamp-2025-p2\modules\command\command.py | run | 150] CHANGE YAW: 90.0
21:55:32: [INFO] Average X velocity: 2.3529411764705883
21:55:32: [INFO] Average Y velocity: 0.0
21:55:32: [INFO] Average Z velocity: 0.11764705882352941
21:55:32: [INFO] [C:\Users\12897\autonomy-bootcamp-2025-p2\modules\command\command.py | run | 150] CHANGE YAW: 45.0
21:55:32: [INFO] Average X velocity: 1.1111111111111112
21:55:32: [INFO] Average Y velocity: 0.0
21:55:32: [INFO] Average Z velocity: 0.1111111111111111
21:55:32: [INFO] [C:\Users\12897\autonomy-bootcamp-2025-p2\modules\command\command.py | run | 150] CHANGE YAW: 90.0
21:55:33: [INFO] Average X velocity: 0.0
21:55:33: [INFO] Average Y velocity: 0.0
21:55:33: [INFO] Average Z velocity: 0.10526315789473684
21:55:33: [INFO] [C:\Users\12897\autonomy-bootcamp-2025-p2\modules\command\command.py | run | 150] CHANGE YAW: 135.0
21:55:33: [INFO] Average X velocity: 0.0
21:55:33: [INFO] Average Y velocity: 1.0
21:55:33: [INFO] Average Z velocity: 0.1
21:55:33: [INFO] [C:\Users\12897\autonomy-bootcamp-2025-p2\modules\command\command.py | run | 150] CHANGE YAW: -26.565051177077976
21:55:34: [INFO] Average X velocity: 0.0
21:55:34: [INFO] Average Y velocity: 1.9047619047619047
21:55:34: [INFO] Average Z velocity: 0.09523809523809523
21:55:34: [INFO] [C:\Users\12897\autonomy-bootcamp-2025-p2\modules\command\command.py | run | 150] CHANGE YAW: -45.0
21:55:34: [INFO] Average X velocity: 0.0
21:55:34: [INFO] Average Y velocity: 2.727272727272727
21:55:34: [INFO] Average Z velocity: 0.09090909090909091
21:55:35: [INFO] [C:\Users\12897\autonomy-bootcamp-2025-p2\modules\command\command.py | run | 150] CHANGE YAW: -90.0
21:55:35: [INFO] Average X velocity: 0.8695652173913043
21:55:35: [INFO] Average Y velocity: 2.608695652173913
21:55:35: [INFO] Average Z velocity: 0.08695652173913043
21:55:35: [INFO] [C:\Users\12897\autonomy-bootcamp-2025-p2\modules\command\command.py | run | 150] CHANGE YAW: -45.0
21:55:36: [INFO] Average X velocity: 1.6666666666666667
21:55:36: [INFO] Average Y velocity: 2.5
21:55:36: [INFO] Average Z velocity: 0.08333333333333333
21:55:36: [INFO] [C:\Users\12897\autonomy-bootcamp-2025-p2\modules\command\command.py | run | 150] CHANGE YAW: -90.0
21:55:36: [INFO] Average X velocity: 2.4
21:55:36: [INFO] Average Y velocity: 2.4
21:55:36: [INFO] Average Z velocity: 0.08
21:55:36: [INFO] [C:\Users\12897\autonomy-bootcamp-2025-p2\modules\command\command.py | run | 150] CHANGE YAW: -135.0
21:55:37: [INFO] Average X velocity: 2.3076923076923075
21:55:37: [INFO] Average Y velocity: 1.5384615384615385
21:55:37: [INFO] Average Z velocity: 0.07692307692307693
21:55:37: [INFO] [C:\Users\12897\autonomy-bootcamp-2025-p2\modules\command\command.py | run | 150] CHANGE YAW: -63.434948822921996
21:55:37: [INFO] Average X velocity: 2.2222222222222223
21:55:37: [INFO] Average Y velocity: 0.7407407407407407
21:55:37: [INFO] Average Z velocity: 0.07407407407407407
21:55:37: [INFO] [C:\Users\12897\autonomy-bootcamp-2025-p2\modules\command\command.py | run | 150] CHANGE YAW: -90.0
21:55:38: [INFO] Average X velocity: 2.142857142857143
21:55:38: [INFO] Average Y velocity: 0.0
21:55:38: [INFO] Average Z velocity: 0.07142857142857142
21:55:38: [INFO] [C:\Users\12897\autonomy-bootcamp-2025-p2\modules\command\command.py | run | 150] CHANGE YAW: -116.56505117707798
21:55:38: [INFO] Average X velocity: 1.3793103448275863
21:55:38: [INFO] Average Y velocity: 0.0
21:55:38: [INFO] Average Z velocity: 0.06896551724137931
21:55:38: [INFO] [C:\Users\12897\autonomy-bootcamp-2025-p2\modules\command\command.py | run | 150] CHANGE YAW: -45.0
21:55:39: [INFO] Average X velocity: 0.6666666666666666
21:55:39: [INFO] Average Y velocity: 0.0
21:55:39: [INFO] Average Z velocity: 0.06666666666666667
21:55:39: [INFO] [C:\Users\12897\autonomy-bootcamp-2025-p2\modules\command\command.py | run | 150] CHANGE YAW: -63.43494882292201
