19:11:13: [INFO] [C:\Users\12897\autonomy-bootcamp-2025-p2\modules\command\command_worker.py | command_worker | 51] Logger initialized
19:11:13: [INFO] Average X velocity: 0.0
19:11:13: [INFO] Average Y velocity: 0.0
19:11:13: [INFO] Average Z velocity: 4.0
19:11:13: [INFO] [C:\Users\12897\autonomy-bootcamp-2025-p2\modules\command\command.py | run | 122] CHANGE ALTITUDE: 1
19:11:13: [INFO] Current yaw: 0 Desired yaw: 63.43494882292201 Change: 63.434948822922024
19:11:13: [INFO] [C:\Users\12897\autonomy-bootcamp-2025-p2\modules\command\command.py | run | 148] CHANGE YAW: 63.434948822922024
19:11:13: [INFO] Average X velocity: 0.0
19:11:13: [INFO] Average Y velocity: 0.0
19:11:13: [INFO] Average Z velocity: 1.0
19:11:13: [INFO] [C:\Users\12897\autonomy-bootcamp-2025-p2\modules\command\command.py | run | 122] CHANGE ALTITUDE: -1
19:11:13: [INFO] Current yaw: 0 Desired yaw: 63.43494882292201 Change: 63.434948822922024
19:11:13: [INFO] [C:\Users\12897\autonomy-bootcamp-2025-p2\modules\command\command.py | run | 148] CHANGE YAW: 63.434948822922024
19:11:14: [INFO] Average X velocity: 0.0
19:11:14: [INFO] Average Y velocity: 0.0
19:11:14: [INFO] Average Z velocity: 0.6666666666666666
19:11:14: [INFO] Average X velocity: 0.0
19:11:14: [INFO] Average Y velocity: 0.0
19:11:14: [INFO] Average Z velocity: 0.5
19:11:15: [INFO] Average X velocity: 0.0
19:11:15: [INFO] Average Y velocity: 0.0
19:11:15: [INFO] Average Z velocity: 0.4
19:11:15: [INFO] Average X velocity: 0.0
19:11:15: [INFO] Average Y velocity: 0.0
19:11:15: [INFO] Average Z velocity: 0.3333333333333333
19:11:16: [INFO] Average X velocity: 0.0
19:11:16: [INFO] Average Y velocity: 0.0
19:11:16: [INFO] Average Z velocity: 0.2857142857142857
19:11:16: [INFO] Average X velocity: 0.0
19:11:16: [INFO] Average Y velocity: 2.5
19:11:16: [INFO] Average Z velocity: 0.25
19:11:16: [INFO] Current yaw: 0 Desired yaw: 63.43494882292201 Change: 63.434948822922024
19:11:16: [INFO] [C:\Users\12897\autonomy-bootcamp-2025-p2\modules\command\command.py | run | 148] CHANGE YAW: 63.434948822922024
19:11:17: [INFO] Average X velocity: 0.0
19:11:17: [INFO] Average Y velocity: 4.444444444444445
19:11:17: [INFO] Average Z velocity: 0.2222222222222222
19:11:17: [INFO] Current yaw: 0 Desired yaw: 90.0 Change: 90.0
19:11:17: [INFO] [C:\Users\12897\autonomy-bootcamp-2025-p2\modules\command\command.py | run | 148] CHANGE YAW: 90.0
19:11:17: [INFO] Average X velocity: 0.0
19:11:17: [INFO] Average Y velocity: 6.0
19:11:17: [INFO] Average Z velocity: 0.2
19:11:17: [INFO] Current yaw: 0 Desired yaw: 116.56505117707799 Change: 116.56505117707798
19:11:17: [INFO] [C:\Users\12897\autonomy-bootcamp-2025-p2\modules\command\command.py | run | 148] CHANGE YAW: 116.56505117707798
19:11:18: [INFO] Average X velocity: 1.8181818181818181
19:11:18: [INFO] Average Y velocity: 5.454545454545454
19:11:18: [INFO] Average Z velocity: 0.18181818181818182
19:11:18: [INFO] Current yaw: 1.5707963267948966 Desired yaw: 135.0 Change: 45.0
19:11:18: [INFO] [C:\Users\12897\autonomy-bootcamp-2025-p2\modules\command\command.py | run | 148] CHANGE YAW: 45.0
19:11:18: [INFO] Average X velocity: 3.3333333333333335
19:11:18: [INFO] Average Y velocity: 5.0
19:11:18: [INFO] Average Z velocity: 0.16666666666666666
19:11:18: [INFO] Current yaw: 1.5707963267948966 Desired yaw: 153.434948822922 Change: 63.434948822921996
19:11:18: [INFO] [C:\Users\12897\autonomy-bootcamp-2025-p2\modules\command\command.py | run | 148] CHANGE YAW: 63.434948822921996
19:11:19: [INFO] Average X velocity: 4.615384615384615
19:11:19: [INFO] Average Y velocity: 4.615384615384615
19:11:19: [INFO] Average Z velocity: 0.15384615384615385
19:11:19: [INFO] Current yaw: 1.5707963267948966 Desired yaw: 180.0 Change: 90.0
19:11:19: [INFO] [C:\Users\12897\autonomy-bootcamp-2025-p2\modules\command\command.py | run | 148] CHANGE YAW: 90.0
19:11:19: [INFO] Average X velocity: 4.285714285714286
19:11:19: [INFO] Average Y velocity: 2.857142857142857
19:11:19: [INFO] Average Z velocity: 0.14285714285714285
19:11:19: [INFO] Current yaw: 3.141592653589793 Desired yaw: -153.434948822922 Change: 26.565051177077976
19:11:19: [INFO] [C:\Users\12897\autonomy-bootcamp-2025-p2\modules\command\command.py | run | 148] CHANGE YAW: 26.565051177077976
19:11:20: [INFO] Average X velocity: 4.0
19:11:20: [INFO] Average Y velocity: 1.3333333333333333
19:11:20: [INFO] Average Z velocity: 0.13333333333333333
19:11:20: [INFO] Current yaw: -3.141592653589793 Desired yaw: -135.0 Change: 45.0
19:11:20: [INFO] [C:\Users\12897\autonomy-bootcamp-2025-p2\modules\command\command.py | run | 148] CHANGE YAW: 45.0
19:11:20: [INFO] Average X velocity: 3.75
19:11:20: [INFO] Average Y velocity: 0.0
19:11:20: [INFO] Average Z velocity: 0.125
19:11:20: [INFO] Current yaw: 3.141592653589793 Desired yaw: -90.0 Change: 90.0
19:11:20: [INFO] [C:\Users\12897\autonomy-bootcamp-2025-p2\modules\command\command.py | run | 148] CHANGE YAW: 90.0
19:11:21: [INFO] Average X velocity: 2.3529411764705883
19:11:21: [INFO] Average Y velocity: 0.0
19:11:21: [INFO] Average Z velocity: 0.11764705882352941
19:11:21: [INFO] Current yaw: -1.5707963267948966 Desired yaw: -45.0 Change: 45.0
19:11:21: [INFO] [C:\Users\12897\autonomy-bootcamp-2025-p2\modules\command\command.py | run | 148] CHANGE YAW: 45.0
19:11:21: [INFO] Average X velocity: 1.1111111111111112
19:11:21: [INFO] Average Y velocity: 0.0
19:11:21: [INFO] Average Z velocity: 0.1111111111111111
19:11:21: [INFO] Current yaw: -1.5707963267948966 Desired yaw: 0.0 Change: 90.0
19:11:21: [INFO] [C:\Users\12897\autonomy-bootcamp-2025-p2\modules\command\command.py | run | 148] CHANGE YAW: 90.0
19:11:22: [INFO] Average X velocity: 0.0
19:11:22: [INFO] Average Y velocity: 0.0
19:11:22: [INFO] Average Z velocity: 0.10526315789473684
19:11:22: [INFO] Current yaw: -1.5707963267948966 Desired yaw: 45.0 Change: 135.0
19:11:22: [INFO] [C:\Users\12897\autonomy-bootcamp-2025-p2\modules\command\command.py | run | 148] CHANGE YAW: 135.0
19:11:22: [INFO] Average X velocity: 0.0
19:11:22: [INFO] Average Y velocity: 1.0
19:11:22: [INFO] Average Z velocity: 0.1
19:11:22: [INFO] Current yaw: 1.5707963267948966 Desired yaw: 63.43494882292201 Change: -26.565051177077976
19:11:22: [INFO] [C:\Users\12897\autonomy-bootcamp-2025-p2\modules\command\command.py | run | 148] CHANGE YAW: -26.565051177077976
19:11:23: [INFO] Average X velocity: 0.0
19:11:23: [INFO] Average Y velocity: 1.9047619047619047
19:11:23: [INFO] Average Z velocity: 0.09523809523809523
19:11:23: [INFO] Current yaw: 1.5707963267948966 Desired yaw: 45.0 Change: -45.0
19:11:23: [INFO] [C:\Users\12897\autonomy-bootcamp-2025-p2\modules\command\command.py | run | 148] CHANGE YAW: -45.0
19:11:23: [INFO] Average X velocity: 0.0
19:11:23: [INFO] Average Y velocity: 2.727272727272727
19:11:23: [INFO] Average Z velocity: 0.09090909090909091
19:11:23: [INFO] Current yaw: 1.5707963267948966 Desired yaw: 0.0 Change: -90.0
19:11:23: [INFO] [C:\Users\12897\autonomy-bootcamp-2025-p2\modules\command\command.py | run | 148] CHANGE YAW: -90.0
19:11:24: [INFO] Average X velocity: 0.8695652173913043
19:11:24: [INFO] Average Y velocity: 2.608695652173913
19:11:24: [INFO] Average Z velocity: 0.08695652173913043
19:11:24: [INFO] Current yaw: 0 Desired yaw: -45.0 Change: -45.0
19:11:24: [INFO] [C:\Users\12897\autonomy-bootcamp-2025-p2\modules\command\command.py | run | 148] CHANGE YAW: -45.0
19:11:24: [INFO] Average X velocity: 1.6666666666666667
19:11:24: [INFO] Average Y velocity: 2.5
19:11:24: [INFO] Average Z velocity: 0.08333333333333333
19:11:24: [INFO] Current yaw: 0 Desired yaw: -90.0 Change: -90.0
19:11:24: [INFO] [C:\Users\12897\autonomy-bootcamp-2025-p2\modules\command\command.py | run | 148] CHANGE YAW: -90.0
19:11:25: [INFO] Average X velocity: 2.4
19:11:25: [INFO] Average Y velocity: 2.4
19:11:25: [INFO] Average Z velocity: 0.08
19:11:25: [INFO] Current yaw: 0 Desired yaw: -135.0 Change: -135.0
19:11:25: [INFO] [C:\Users\12897\autonomy-bootcamp-2025-p2\modules\command\command.py | run | 148] CHANGE YAW: -135.0
19:11:25: [INFO] Average X velocity: 2.3076923076923075
19:11:25: [INFO] Average Y velocity: 1.5384615384615385
19:11:25: [INFO] Average Z velocity: 0.07692307692307693
19:11:25: [INFO] Current yaw: -1.5707963267948966 Desired yaw: -153.434948822922 Change: -63.434948822921996
19:11:25: [INFO] [C:\Users\12897\autonomy-bootcamp-2025-p2\modules\command\command.py | run | 148] CHANGE YAW: -63.434948822921996
19:11:26: [INFO] Average X velocity: 2.2222222222222223
19:11:26: [INFO] Average Y velocity: 0.7407407407407407
19:11:26: [INFO] Average Z velocity: 0.07407407407407407
19:11:26: [INFO] Current yaw: -1.5707963267948966 Desired yaw: 180.0 Change: -90.0
19:11:26: [INFO] [C:\Users\12897\autonomy-bootcamp-2025-p2\modules\command\command.py | run | 148] CHANGE YAW: -90.0
19:11:26: [INFO] Average X velocity: 2.142857142857143
19:11:26: [INFO] Average Y velocity: 0.0
19:11:26: [INFO] Average Z velocity: 0.07142857142857142
19:11:26: [INFO] Current yaw: -1.5707963267948966 Desired yaw: 153.434948822922 Change: -116.56505117707798
19:11:26: [INFO] [C:\Users\12897\autonomy-bootcamp-2025-p2\modules\command\command.py | run | 148] CHANGE YAW: -116.56505117707798
19:11:27: [INFO] Average X velocity: 1.3793103448275863
19:11:27: [INFO] Average Y velocity: 0.0
19:11:27: [INFO] Average Z velocity: 0.06896551724137931
19:11:27: [INFO] Current yaw: -3.141592653589793 Desired yaw: 135.0 Change: -45.0
19:11:27: [INFO] [C:\Users\12897\autonomy-bootcamp-2025-p2\modules\command\command.py | run | 148] CHANGE YAW: -45.0
19:11:27: [INFO] Average X velocity: 0.6666666666666666
19:11:27: [INFO] Average Y velocity: 0.0
19:11:27: [INFO] Average Z velocity: 0.06666666666666667
19:11:27: [INFO] Current yaw: 3.141592653589793 Desired yaw: 116.56505117707799 Change: -63.43494882292201
19:11:27: [INFO] [C:\Users\12897\autonomy-bootcamp-2025-p2\modules\command\command.py | run | 148] CHANGE YAW: -63.43494882292201
19:11:28: [INFO] Average X velocity: 0.0
19:11:28: [INFO] Average Y velocity: 0.0
19:11:28: [INFO] Average Z velocity: 0.06451612903225806
19:11:28: [INFO] Current yaw: -3.141592653589793 Desired yaw: 90.0 Change: -90.0
19:11:28: [INFO] [C:\Users\12897\autonomy-bootcamp-2025-p2\modules\command\command.py | run | 148] CHANGE YAW: -90.0
19:11:28: [INFO] Average X velocity: 0.0
19:11:28: [INFO] Average Y velocity: 0.0
19:11:28: [INFO] Average Z velocity: 0.1875
19:11:28: [INFO] [C:\Users\12897\autonomy-bootcamp-2025-p2\modules\command\command.py | run | 122] CHANGE ALTITUDE: 1
19:11:28: [INFO] Current yaw: 0 Desired yaw: 63.43494882292201 Change: 63.434948822922024
19:11:28: [INFO] [C:\Users\12897\autonomy-bootcamp-2025-p2\modules\command\command.py | run | 148] CHANGE YAW: 63.434948822922024
19:11:29: [INFO] Average X velocity: 0.0
19:11:29: [INFO] Average Y velocity: 0.0
19:11:29: [INFO] Average Z velocity: 0.12121212121212122
19:11:29: [INFO] [C:\Users\12897\autonomy-bootcamp-2025-p2\modules\command\command.py | run | 122] CHANGE ALTITUDE: -1
19:11:29: [INFO] Current yaw: 0 Desired yaw: 63.43494882292201 Change: 63.434948822922024
19:11:29: [INFO] [C:\Users\12897\autonomy-bootcamp-2025-p2\modules\command\command.py | run | 148] CHANGE YAW: 63.434948822922024
