19:58:28: [INFO] [C:\Users\12897\autonomy-bootcamp-2025-p2\modules\command\command_worker.py | command_worker | 51] Logger initialized
19:58:28: [INFO] Average X velocity: 0.0
19:58:28: [INFO] Average Y velocity: 0.0
19:58:28: [INFO] Average Z velocity: 4.0
19:58:28: [INFO] [C:\Users\12897\autonomy-bootcamp-2025-p2\modules\command\command.py | run | 122] CHANGE ALTITUDE: 1
19:58:29: [INFO] Average X velocity: 0.0
19:58:29: [INFO] Average Y velocity: 0.0
19:58:29: [INFO] Average Z velocity: 1.0
19:58:29: [INFO] [C:\Users\12897\autonomy-bootcamp-2025-p2\modules\command\command.py | run | 122] CHANGE ALTITUDE: -1
19:58:29: [INFO] Average X velocity: 0.0
19:58:29: [INFO] Average Y velocity: 0.0
19:58:29: [INFO] Average Z velocity: 0.6666666666666666
19:58:30: [INFO] Average X velocity: 0.0
19:58:30: [INFO] Average Y velocity: 0.0
19:58:30: [INFO] Average Z velocity: 0.5
19:58:30: [INFO] Average X velocity: 0.0
19:58:30: [INFO] Average Y velocity: 0.0
19:58:30: [INFO] Average Z velocity: 0.4
19:58:31: [INFO] Average X velocity: 0.0
19:58:31: [INFO] Average Y velocity: 0.0
19:58:31: [INFO] Average Z velocity: 0.3333333333333333
19:58:31: [INFO] Average X velocity: 0.0
19:58:31: [INFO] Average Y velocity: 0.0
19:58:31: [INFO] Average Z velocity: 0.2857142857142857
19:58:32: [INFO] Average X velocity: 0.0
19:58:32: [INFO] Average Y velocity: 2.5
19:58:32: [INFO] Average Z velocity: 0.25
19:58:32: [INFO] Average X velocity: 0.0
19:58:32: [INFO] Average Y velocity: 4.444444444444445
19:58:32: [INFO] Average Z velocity: 0.2222222222222222
19:58:33: [INFO] Average X velocity: 0.0
19:58:33: [INFO] Average Y velocity: 6.0
19:58:33: [INFO] Average Z velocity: 0.2
19:58:33: [INFO] Average X velocity: 1.8181818181818181
19:58:33: [INFO] Average Y velocity: 5.454545454545454
19:58:33: [INFO] Average Z velocity: 0.18181818181818182
19:58:34: [INFO] Average X velocity: 3.3333333333333335
19:58:34: [INFO] Average Y velocity: 5.0
19:58:34: [INFO] Average Z velocity: 0.16666666666666666
19:58:34: [INFO] Average X velocity: 4.615384615384615
19:58:34: [INFO] Average Y velocity: 4.615384615384615
19:58:34: [INFO] Average Z velocity: 0.15384615384615385
19:58:35: [INFO] Average X velocity: 4.285714285714286
19:58:35: [INFO] Average Y velocity: 2.857142857142857
19:58:35: [INFO] Average Z velocity: 0.14285714285714285
19:58:35: [INFO] Average X velocity: 4.0
19:58:35: [INFO] Average Y velocity: 1.3333333333333333
19:58:35: [INFO] Average Z velocity: 0.13333333333333333
19:58:36: [INFO] Average X velocity: 3.75
19:58:36: [INFO] Average Y velocity: 0.0
19:58:36: [INFO] Average Z velocity: 0.125
19:58:36: [INFO] Average X velocity: 2.3529411764705883
19:58:36: [INFO] Average Y velocity: 0.0
19:58:36: [INFO] Average Z velocity: 0.11764705882352941
19:58:37: [INFO] Average X velocity: 1.1111111111111112
19:58:37: [INFO] Average Y velocity: 0.0
19:58:37: [INFO] Average Z velocity: 0.1111111111111111
19:58:37: [INFO] Average X velocity: 0.0
19:58:37: [INFO] Average Y velocity: 0.0
19:58:37: [INFO] Average Z velocity: 0.10526315789473684
19:58:38: [INFO] Average X velocity: 0.0
19:58:38: [INFO] Average Y velocity: 1.0
19:58:38: [INFO] Average Z velocity: 0.1
19:58:38: [INFO] Average X velocity: 0.0
19:58:38: [INFO] Average Y velocity: 1.9047619047619047
19:58:38: [INFO] Average Z velocity: 0.09523809523809523
19:58:39: [INFO] Average X velocity: 0.0
19:58:39: [INFO] Average Y velocity: 2.727272727272727
19:58:39: [INFO] Average Z velocity: 0.09090909090909091
19:58:39: [INFO] Average X velocity: 0.8695652173913043
19:58:39: [INFO] Average Y velocity: 2.608695652173913
19:58:39: [INFO] Average Z velocity: 0.08695652173913043
19:58:40: [INFO] Average X velocity: 1.6666666666666667
19:58:40: [INFO] Average Y velocity: 2.5
19:58:40: [INFO] Average Z velocity: 0.08333333333333333
19:58:40: [INFO] Average X velocity: 2.4
19:58:40: [INFO] Average Y velocity: 2.4
19:58:40: [INFO] Average Z velocity: 0.08
19:58:41: [INFO] Average X velocity: 2.3076923076923075
19:58:41: [INFO] Average Y velocity: 1.5384615384615385
19:58:41: [INFO] Average Z velocity: 0.07692307692307693
19:58:41: [INFO] Average X velocity: 2.2222222222222223
19:58:41: [INFO] Average Y velocity: 0.7407407407407407
19:58:41: [INFO] Average Z velocity: 0.07407407407407407
19:58:42: [INFO] Average X velocity: 2.142857142857143
19:58:42: [INFO] Average Y velocity: 0.0
19:58:42: [INFO] Average Z velocity: 0.07142857142857142
19:58:42: [INFO] Average X velocity: 1.3793103448275863
19:58:42: [INFO] Average Y velocity: 0.0
19:58:42: [INFO] Average Z velocity: 0.06896551724137931
19:58:43: [INFO] Average X velocity: 0.6666666666666666
19:58:43: [INFO] Average Y velocity: 0.0
19:58:43: [INFO] Average Z velocity: 0.06666666666666667
19:58:43: [INFO] Average X velocity: 0.0
19:58:43: [INFO] Average Y velocity: 0.0
19:58:43: [INFO] Average Z velocity: 0.06451612903225806
