22:15:11: [INFO] [C:\Users\12897\autonomy-bootcamp-2025-p2\modules\command\command_worker.py | command_worker | 48] Logger initialized
22:15:12: [INFO] Average X velocity: 0.0
22:15:12: [INFO] Average Y velocity: 0.0
22:15:12: [INFO] Average Z velocity: 4.0
22:15:12: [INFO] [C:\Users\12897\autonomy-bootcamp-2025-p2\modules\command\command.py | run | 119] CHANGE ALTITUDE: 1
22:15:12: [INFO] [C:\Users\12897\autonomy-bootcamp-2025-p2\modules\command\command.py | run | 150] CHANGE YAW: 63.434948822922024
22:15:12: [INFO] Average X velocity: 0.0
22:15:12: [INFO] Average Y velocity: 0.0
22:15:12: [INFO] Average Z velocity: 1.0
22:15:12: [INFO] [C:\Users\12897\autonomy-bootcamp-2025-p2\modules\command\command.py | run | 119] CHANGE ALTITUDE: -1
22:15:12: [INFO] [C:\Users\12897\autonomy-bootcamp-2025-p2\modules\command\command.py | run | 150] CHANGE YAW: 63.434948822922024
22:15:12: [INFO] Average X velocity: 0.0
22:15:12: [INFO] Average Y velocity: 0.0
22:15:12: [INFO] Average Z velocity: 0.6666666666666666
22:15:12: [INFO] Average X velocity: 0.0
22:15:13: [INFO] Average Y velocity: 0.0
22:15:13: [INFO] Average Z velocity: 0.5
22:15:13: [INFO] Average X velocity: 0.0
22:15:13: [INFO] Average Y velocity: 0.0
22:15:13: [INFO] Average Z velocity: 0.4
22:15:13: [INFO] Average X velocity: 0.0
22:15:13: [INFO] Average Y velocity: 0.0
22:15:13: [INFO] Average Z velocity: 0.3333333333333333
22:15:14: [INFO] Average X velocity: 0.0
22:15:14: [INFO] Average Y velocity: 0.0
22:15:14: [INFO] Average Z velocity: 0.2857142857142857
22:15:14: [INFO] Average X velocity: 0.0
22:15:14: [INFO] Average Y velocity: 2.5
22:15:14: [INFO] Average Z velocity: 0.25
22:15:14: [INFO] [C:\Users\12897\autonomy-bootcamp-2025-p2\modules\command\command.py | run | 150] CHANGE YAW: 63.434948822922024
22:15:15: [INFO] Average X velocity: 0.0
22:15:15: [INFO] Average Y velocity: 4.444444444444445
22:15:15: [INFO] Average Z velocity: 0.2222222222222222
22:15:15: [INFO] [C:\Users\12897\autonomy-bootcamp-2025-p2\modules\command\command.py | run | 150] CHANGE YAW: 90.0
22:15:16: [INFO] Average X velocity: 0.0
22:15:16: [INFO] Average Y velocity: 6.0
22:15:16: [INFO] Average Z velocity: 0.2
22:15:16: [INFO] [C:\Users\12897\autonomy-bootcamp-2025-p2\modules\command\command.py | run | 150] CHANGE YAW: 116.56505117707798
22:15:16: [INFO] Average X velocity: 1.8181818181818181
22:15:16: [INFO] Average Y velocity: 5.454545454545454
22:15:16: [INFO] Average Z velocity: 0.18181818181818182
22:15:16: [INFO] [C:\Users\12897\autonomy-bootcamp-2025-p2\modules\command\command.py | run | 150] CHANGE YAW: 45.0
22:15:17: [INFO] Average X velocity: 3.3333333333333335
22:15:17: [INFO] Average Y velocity: 5.0
22:15:17: [INFO] Average Z velocity: 0.16666666666666666
22:15:17: [INFO] [C:\Users\12897\autonomy-bootcamp-2025-p2\modules\command\command.py | run | 150] CHANGE YAW: 63.434948822921996
22:15:17: [INFO] Average X velocity: 4.615384615384615
22:15:17: [INFO] Average Y velocity: 4.615384615384615
22:15:17: [INFO] Average Z velocity: 0.15384615384615385
22:15:17: [INFO] [C:\Users\12897\autonomy-bootcamp-2025-p2\modules\command\command.py | run | 150] CHANGE YAW: 90.0
22:15:18: [INFO] Average X velocity: 4.285714285714286
22:15:18: [INFO] Average Y velocity: 2.857142857142857
22:15:18: [INFO] Average Z velocity: 0.14285714285714285
22:15:18: [INFO] [C:\Users\12897\autonomy-bootcamp-2025-p2\modules\command\command.py | run | 150] CHANGE YAW: 26.565051177077976
22:15:18: [INFO] Average X velocity: 4.0
22:15:18: [INFO] Average Y velocity: 1.3333333333333333
22:15:18: [INFO] Average Z velocity: 0.13333333333333333
22:15:18: [INFO] [C:\Users\12897\autonomy-bootcamp-2025-p2\modules\command\command.py | run | 150] CHANGE YAW: 45.0
22:15:19: [INFO] Average X velocity: 3.75
22:15:19: [INFO] Average Y velocity: 0.0
22:15:19: [INFO] Average Z velocity: 0.125
22:15:19: [INFO] [C:\Users\12897\autonomy-bootcamp-2025-p2\modules\command\command.py | run | 150] CHANGE YAW: 90.0
22:15:20: [INFO] Average X velocity: 2.3529411764705883
22:15:20: [INFO] Average Y velocity: 0.0
22:15:20: [INFO] Average Z velocity: 0.11764705882352941
22:15:20: [INFO] [C:\Users\12897\autonomy-bootcamp-2025-p2\modules\command\command.py | run | 150] CHANGE YAW: 45.0
22:15:20: [INFO] Average X velocity: 1.1111111111111112
22:15:20: [INFO] Average Y velocity: 0.0
22:15:20: [INFO] Average Z velocity: 0.1111111111111111
22:15:20: [INFO] [C:\Users\12897\autonomy-bootcamp-2025-p2\modules\command\command.py | run | 150] CHANGE YAW: 90.0
22:15:21: [INFO] Average X velocity: 0.0
22:15:21: [INFO] Average Y velocity: 0.0
22:15:21: [INFO] Average Z velocity: 0.10526315789473684
22:15:21: [INFO] [C:\Users\12897\autonomy-bootcamp-2025-p2\modules\command\command.py | run | 150] CHANGE YAW: 135.0
22:15:21: [INFO] Average X velocity: 0.0
22:15:21: [INFO] Average Y velocity: 1.0
22:15:21: [INFO] Average Z velocity: 0.1
22:15:21: [INFO] [C:\Users\12897\autonomy-bootcamp-2025-p2\modules\command\command.py | run | 150] CHANGE YAW: -26.565051177077976
22:15:22: [INFO] Average X velocity: 0.0
22:15:22: [INFO] Average Y velocity: 1.9047619047619047
22:15:22: [INFO] Average Z velocity: 0.09523809523809523
22:15:22: [INFO] [C:\Users\12897\autonomy-bootcamp-2025-p2\modules\command\command.py | run | 150] CHANGE YAW: -45.0
22:15:22: [INFO] Average X velocity: 0.0
22:15:22: [INFO] Average Y velocity: 2.727272727272727
22:15:22: [INFO] Average Z velocity: 0.09090909090909091
22:15:22: [INFO] [C:\Users\12897\autonomy-bootcamp-2025-p2\modules\command\command.py | run | 150] CHANGE YAW: -90.0
22:15:23: [INFO] Average X velocity: 0.8695652173913043
22:15:23: [INFO] Average Y velocity: 2.608695652173913
22:15:23: [INFO] Average Z velocity: 0.08695652173913043
22:15:23: [INFO] [C:\Users\12897\autonomy-bootcamp-2025-p2\modules\command\command.py | run | 150] CHANGE YAW: -45.0
22:15:23: [INFO] Average X velocity: 1.6666666666666667
22:15:23: [INFO] Average Y velocity: 2.5
22:15:23: [INFO] Average Z velocity: 0.08333333333333333
22:15:23: [INFO] [C:\Users\12897\autonomy-bootcamp-2025-p2\modules\command\command.py | run | 150] CHANGE YAW: -90.0
22:15:24: [INFO] Average X velocity: 2.4
22:15:24: [INFO] Average Y velocity: 2.4
22:15:24: [INFO] Average Z velocity: 0.08
22:15:24: [INFO] [C:\Users\12897\autonomy-bootcamp-2025-p2\modules\command\command.py | run | 150] CHANGE YAW: -135.0
22:15:24: [INFO] Average X velocity: 2.3076923076923075
22:15:24: [INFO] Average Y velocity: 1.5384615384615385
22:15:24: [INFO] Average Z velocity: 0.07692307692307693
22:15:24: [INFO] [C:\Users\12897\autonomy-bootcamp-2025-p2\modules\command\command.py | run | 150] CHANGE YAW: -63.434948822921996
22:15:25: [INFO] Average X velocity: 2.2222222222222223
22:15:25: [INFO] Average Y velocity: 0.7407407407407407
22:15:25: [INFO] Average Z velocity: 0.07407407407407407
22:15:25: [INFO] [C:\Users\12897\autonomy-bootcamp-2025-p2\modules\command\command.py | run | 150] CHANGE YAW: -90.0
22:15:25: [INFO] Average X velocity: 2.142857142857143
22:15:25: [INFO] Average Y velocity: 0.0
22:15:25: [INFO] Average Z velocity: 0.07142857142857142
22:15:25: [INFO] [C:\Users\12897\autonomy-bootcamp-2025-p2\modules\command\command.py | run | 150] CHANGE YAW: -116.56505117707798
22:15:26: [INFO] Average X velocity: 1.3793103448275863
22:15:26: [INFO] Average Y velocity: 0.0
22:15:26: [INFO] Average Z velocity: 0.06896551724137931
22:15:26: [INFO] [C:\Users\12897\autonomy-bootcamp-2025-p2\modules\command\command.py | run | 150] CHANGE YAW: -45.0
22:15:26: [INFO] Average X velocity: 0.6666666666666666
22:15:26: [INFO] Average Y velocity: 0.0
22:15:27: [INFO] Average Z velocity: 0.06666666666666667
22:15:27: [INFO] [C:\Users\12897\autonomy-bootcamp-2025-p2\modules\command\command.py | run | 150] CHANGE YAW: -63.43494882292201
