21:02:29: [INFO] [C:\Users\12897\autonomy-bootcamp-2025-p2\modules\command\command_worker.py | command_worker | 49] Logger initialized
21:02:29: [INFO] Average X velocity: 0.0
21:02:29: [INFO] Average Y velocity: 0.0
21:02:29: [INFO] Average Z velocity: 4.0
21:02:29: [INFO] [C:\Users\12897\autonomy-bootcamp-2025-p2\modules\command\command.py | run | 119] CHANGE ALTITUDE: 1
21:02:29: [INFO] [C:\Users\12897\autonomy-bootcamp-2025-p2\modules\command\command.py | run | 137] CHANGE YAW: 63.434948822922024
21:02:30: [INFO] Average X velocity: 0.0
21:02:30: [INFO] Average Y velocity: 0.0
21:02:30: [INFO] Average Z velocity: 1.0
21:02:30: [INFO] [C:\Users\12897\autonomy-bootcamp-2025-p2\modules\command\command.py | run | 119] CHANGE ALTITUDE: -1
21:02:30: [INFO] [C:\Users\12897\autonomy-bootcamp-2025-p2\modules\command\command.py | run | 137] CHANGE YAW: 63.434948822922024
21:02:30: [INFO] Average X velocity: 0.0
21:02:30: [INFO] Average Y velocity: 0.0
21:02:30: [INFO] Average Z velocity: 0.6666666666666666
21:02:31: [INFO] Average X velocity: 0.0
21:02:31: [INFO] Average Y velocity: 0.0
21:02:31: [INFO] Average Z velocity: 0.5
21:02:31: [INFO] Average X velocity: 0.0
21:02:31: [INFO] Average Y velocity: 0.0
21:02:31: [INFO] Average Z velocity: 0.4
21:02:32: [INFO] Average X velocity: 0.0
21:02:32: [INFO] Average Y velocity: 0.0
21:02:32: [INFO] Average Z velocity: 0.3333333333333333
21:02:32: [INFO] Average X velocity: 0.0
21:02:32: [INFO] Average Y velocity: 0.0
21:02:32: [INFO] Average Z velocity: 0.2857142857142857
21:02:33: [INFO] Average X velocity: 0.0
21:02:33: [INFO] Average Y velocity: 2.5
21:02:33: [INFO] Average Z velocity: 0.25
21:02:33: [INFO] [C:\Users\12897\autonomy-bootcamp-2025-p2\modules\command\command.py | run | 137] CHANGE YAW: 63.434948822922024
21:02:33: [INFO] Average X velocity: 0.0
21:02:33: [INFO] Average Y velocity: 4.444444444444445
21:02:33: [INFO] Average Z velocity: 0.2222222222222222
21:02:33: [INFO] [C:\Users\12897\autonomy-bootcamp-2025-p2\modules\command\command.py | run | 137] CHANGE YAW: 90.0
21:02:34: [INFO] Average X velocity: 0.0
21:02:34: [INFO] Average Y velocity: 6.0
21:02:34: [INFO] Average Z velocity: 0.2
21:02:34: [INFO] [C:\Users\12897\autonomy-bootcamp-2025-p2\modules\command\command.py | run | 137] CHANGE YAW: 116.56505117707798
21:02:34: [INFO] Average X velocity: 1.8181818181818181
21:02:34: [INFO] Average Y velocity: 5.454545454545454
21:02:34: [INFO] Average Z velocity: 0.18181818181818182
21:02:34: [INFO] [C:\Users\12897\autonomy-bootcamp-2025-p2\modules\command\command.py | run | 137] CHANGE YAW: 45.0
21:02:35: [INFO] Average X velocity: 3.3333333333333335
21:02:35: [INFO] Average Y velocity: 5.0
21:02:35: [INFO] Average Z velocity: 0.16666666666666666
21:02:35: [INFO] [C:\Users\12897\autonomy-bootcamp-2025-p2\modules\command\command.py | run | 137] CHANGE YAW: 63.434948822921996
21:02:35: [INFO] Average X velocity: 4.615384615384615
21:02:35: [INFO] Average Y velocity: 4.615384615384615
21:02:35: [INFO] Average Z velocity: 0.15384615384615385
21:02:35: [INFO] [C:\Users\12897\autonomy-bootcamp-2025-p2\modules\command\command.py | run | 137] CHANGE YAW: 90.0
21:02:36: [INFO] Average X velocity: 4.285714285714286
21:02:36: [INFO] Average Y velocity: 2.857142857142857
21:02:36: [INFO] Average Z velocity: 0.14285714285714285
21:02:36: [INFO] [C:\Users\12897\autonomy-bootcamp-2025-p2\modules\command\command.py | run | 137] CHANGE YAW: 26.565051177077976
21:02:36: [INFO] Average X velocity: 4.0
21:02:36: [INFO] Average Y velocity: 1.3333333333333333
21:02:36: [INFO] Average Z velocity: 0.13333333333333333
21:02:36: [INFO] [C:\Users\12897\autonomy-bootcamp-2025-p2\modules\command\command.py | run | 137] CHANGE YAW: 45.0
21:02:37: [INFO] Average X velocity: 3.75
21:02:37: [INFO] Average Y velocity: 0.0
21:02:37: [INFO] Average Z velocity: 0.125
21:02:37: [INFO] [C:\Users\12897\autonomy-bootcamp-2025-p2\modules\command\command.py | run | 137] CHANGE YAW: 90.0
21:02:37: [INFO] Average X velocity: 2.3529411764705883
21:02:37: [INFO] Average Y velocity: 0.0
21:02:37: [INFO] Average Z velocity: 0.11764705882352941
21:02:37: [INFO] [C:\Users\12897\autonomy-bootcamp-2025-p2\modules\command\command.py | run | 137] CHANGE YAW: 45.0
21:02:38: [INFO] Average X velocity: 1.1111111111111112
21:02:38: [INFO] Average Y velocity: 0.0
21:02:38: [INFO] Average Z velocity: 0.1111111111111111
21:02:38: [INFO] [C:\Users\12897\autonomy-bootcamp-2025-p2\modules\command\command.py | run | 137] CHANGE YAW: 90.0
21:02:38: [INFO] Average X velocity: 0.0
21:02:38: [INFO] Average Y velocity: 0.0
21:02:38: [INFO] Average Z velocity: 0.10526315789473684
21:02:38: [INFO] [C:\Users\12897\autonomy-bootcamp-2025-p2\modules\command\command.py | run | 137] CHANGE YAW: 135.0
21:02:39: [INFO] Average X velocity: 0.0
21:02:39: [INFO] Average Y velocity: 1.0
21:02:39: [INFO] Average Z velocity: 0.1
21:02:39: [INFO] [C:\Users\12897\autonomy-bootcamp-2025-p2\modules\command\command.py | run | 137] CHANGE YAW: -26.565051177077976
21:02:39: [INFO] Average X velocity: 0.0
21:02:39: [INFO] Average Y velocity: 1.9047619047619047
21:02:39: [INFO] Average Z velocity: 0.09523809523809523
21:02:39: [INFO] [C:\Users\12897\autonomy-bootcamp-2025-p2\modules\command\command.py | run | 137] CHANGE YAW: -45.0
21:02:40: [INFO] Average X velocity: 0.0
21:02:40: [INFO] Average Y velocity: 2.727272727272727
21:02:40: [INFO] Average Z velocity: 0.09090909090909091
21:02:40: [INFO] [C:\Users\12897\autonomy-bootcamp-2025-p2\modules\command\command.py | run | 137] CHANGE YAW: -90.0
21:02:40: [INFO] Average X velocity: 0.8695652173913043
21:02:40: [INFO] Average Y velocity: 2.608695652173913
21:02:40: [INFO] Average Z velocity: 0.08695652173913043
21:02:40: [INFO] [C:\Users\12897\autonomy-bootcamp-2025-p2\modules\command\command.py | run | 137] CHANGE YAW: -45.0
21:02:41: [INFO] Average X velocity: 1.6666666666666667
21:02:41: [INFO] Average Y velocity: 2.5
21:02:41: [INFO] Average Z velocity: 0.08333333333333333
21:02:41: [INFO] [C:\Users\12897\autonomy-bootcamp-2025-p2\modules\command\command.py | run | 137] CHANGE YAW: -90.0
21:02:41: [INFO] Average X velocity: 2.4
21:02:41: [INFO] Average Y velocity: 2.4
21:02:41: [INFO] Average Z velocity: 0.08
21:02:41: [INFO] [C:\Users\12897\autonomy-bootcamp-2025-p2\modules\command\command.py | run | 137] CHANGE YAW: -135.0
21:02:42: [INFO] Average X velocity: 2.3076923076923075
21:02:42: [INFO] Average Y velocity: 1.5384615384615385
21:02:42: [INFO] Average Z velocity: 0.07692307692307693
21:02:42: [INFO] [C:\Users\12897\autonomy-bootcamp-2025-p2\modules\command\command.py | run | 137] CHANGE YAW: -63.434948822921996
21:02:42: [INFO] Average X velocity: 2.2222222222222223
21:02:42: [INFO] Average Y velocity: 0.7407407407407407
21:02:42: [INFO] Average Z velocity: 0.07407407407407407
21:02:42: [INFO] [C:\Users\12897\autonomy-bootcamp-2025-p2\modules\command\command.py | run | 137] CHANGE YAW: -90.0
21:02:43: [INFO] Average X velocity: 2.142857142857143
21:02:43: [INFO] Average Y velocity: 0.0
21:02:43: [INFO] Average Z velocity: 0.07142857142857142
21:02:43: [INFO] [C:\Users\12897\autonomy-bootcamp-2025-p2\modules\command\command.py | run | 137] CHANGE YAW: -116.56505117707798
21:02:43: [INFO] Average X velocity: 1.3793103448275863
21:02:43: [INFO] Average Y velocity: 0.0
21:02:43: [INFO] Average Z velocity: 0.06896551724137931
21:02:43: [INFO] [C:\Users\12897\autonomy-bootcamp-2025-p2\modules\command\command.py | run | 137] CHANGE YAW: -45.0
21:02:44: [INFO] Average X velocity: 0.6666666666666666
21:02:44: [INFO] Average Y velocity: 0.0
21:02:44: [INFO] Average Z velocity: 0.06666666666666667
21:02:44: [INFO] [C:\Users\12897\autonomy-bootcamp-2025-p2\modules\command\command.py | run | 137] CHANGE YAW: -63.43494882292201
21:02:45: [INFO] Average X velocity: 0.0
21:02:45: [INFO] Average Y velocity: 0.0
21:02:45: [INFO] Average Z velocity: 0.06451612903225806
21:02:45: [INFO] [C:\Users\12897\autonomy-bootcamp-2025-p2\modules\command\command.py | run | 137] CHANGE YAW: -90.0
21:02:45: [INFO] Average X velocity: 0.0
21:02:45: [INFO] Average Y velocity: 0.0
21:02:45: [INFO] Average Z velocity: 0.1875
21:02:45: [INFO] [C:\Users\12897\autonomy-bootcamp-2025-p2\modules\command\command.py | run | 119] CHANGE ALTITUDE: 1
21:02:45: [INFO] [C:\Users\12897\autonomy-bootcamp-2025-p2\modules\command\command.py | run | 137] CHANGE YAW: 63.434948822922024
21:02:46: [INFO] Average X velocity: 0.0
21:02:46: [INFO] Average Y velocity: 0.0
21:02:46: [INFO] Average Z velocity: 0.12121212121212122
21:02:46: [INFO] [C:\Users\12897\autonomy-bootcamp-2025-p2\modules\command\command.py | run | 119] CHANGE ALTITUDE: -1
21:02:46: [INFO] [C:\Users\12897\autonomy-bootcamp-2025-p2\modules\command\command.py | run | 137] CHANGE YAW: 63.434948822922024
